<?xml version="1.0"?>
<testsuites>
  <testsuite name="Chrome 21.0" package="jqlite" timestamp="2012-09-20T02:32:52" id="0" hostname="dhcp-172-22-111-178.mtv.corp.google.com" tests="1574" errors="0" failures="0" time="3.622">
    <properties>
      <property name="browser.fullName" value="Mozilla/5.0 (Macintosh; Intel Mac OS X 10_7_4) AppleWebKit/537.1 (KHTML, like Gecko) Chrome/21.0.1180.89 Safari/537.1"/>
    </properties>
    <testcase name="should return new $window and $document after navigate" time="0.022" classname="jqlite Chrome 21.0.angular.scenario.Application"/>
    <testcase name="should execute callback with correct arguments" time="0.002" classname="jqlite Chrome 21.0.angular.scenario.Application"/>
    <testcase name="should use a new iframe each time" time="0.001" classname="jqlite Chrome 21.0.angular.scenario.Application"/>
    <testcase name="should call error handler if document not accessible" time="0.001" classname="jqlite Chrome 21.0.angular.scenario.Application"/>
    <testcase name="should call error handler if navigating to about:blank" time="0" classname="jqlite Chrome 21.0.angular.scenario.Application"/>
    <testcase name="should remove old iframes" time="0.001" classname="jqlite Chrome 21.0.angular.scenario.Application"/>
    <testcase name="should URL update description bar" time="0.002" classname="jqlite Chrome 21.0.angular.scenario.Application"/>
    <testcase name="should call onload handler when frame loads" time="0.002" classname="jqlite Chrome 21.0.angular.scenario.Application"/>
    <testcase name="should wait for pending requests in executeAction" time="0.015" classname="jqlite Chrome 21.0.angular.scenario.Application"/>
    <testcase name="should handle basic nested case" time="0.001" classname="jqlite Chrome 21.0.angular.scenario.Describe"/>
    <testcase name="should link nested describe blocks with parent and children" time="0" classname="jqlite Chrome 21.0.angular.scenario.Describe"/>
    <testcase name="should not process xit and xdescribe" time="0.001" classname="jqlite Chrome 21.0.angular.scenario.Describe"/>
    <testcase name="should only return iit and ddescribe if present" time="0" classname="jqlite Chrome 21.0.angular.scenario.Describe"/>
    <testcase name="should create uniqueIds in the tree" time="0.001" classname="jqlite Chrome 21.0.angular.scenario.Describe"/>
    <testcase name="should create uniqueIds for each spec" time="0" classname="jqlite Chrome 21.0.angular.scenario.Describe"/>
    <testcase name="should set the sane defaults" time="0.001" classname="jqlite Chrome 21.0.angular.scenario.Future"/>
    <testcase name="should be fulfilled after execution and done callback" time="0" classname="jqlite Chrome 21.0.angular.scenario.Future"/>
    <testcase name="should take callback with (error, result) and forward" time="0" classname="jqlite Chrome 21.0.angular.scenario.Future"/>
    <testcase name="should use error as value if provided" time="0.001" classname="jqlite Chrome 21.0.angular.scenario.Future"/>
    <testcase name="should parse json with fromJson" time="0" classname="jqlite Chrome 21.0.angular.scenario.Future"/>
    <testcase name="should convert to json with toJson" time="0.001" classname="jqlite Chrome 21.0.angular.scenario.Future"/>
    <testcase name="should convert with custom parser" time="0.001" classname="jqlite Chrome 21.0.angular.scenario.Future"/>
    <testcase name="should pass error if parser fails" time="0" classname="jqlite Chrome 21.0.angular.scenario.Future"/>
    <testcase name="should value default empty value" time="0.001" classname="jqlite Chrome 21.0.angular.scenario.ObjectModel"/>
    <testcase name="should add spec and create describe blocks on SpecBegin event" time="0.001" classname="jqlite Chrome 21.0.angular.scenario.ObjectModel"/>
    <testcase name="should set fullDefinitionName on SpecBegin event" time="0" classname="jqlite Chrome 21.0.angular.scenario.ObjectModel"/>
    <testcase name="should set fullDefinitionName on SpecBegin event (join more names by space)" time="0.001" classname="jqlite Chrome 21.0.angular.scenario.ObjectModel"/>
    <testcase name="should add step to spec on StepBegin" time="0" classname="jqlite Chrome 21.0.angular.scenario.ObjectModel"/>
    <testcase name="should update spec timer duration on SpecEnd event" time="0" classname="jqlite Chrome 21.0.angular.scenario.ObjectModel"/>
    <testcase name="should update step timer duration on StepEnd event" time="0.001" classname="jqlite Chrome 21.0.angular.scenario.ObjectModel"/>
    <testcase name="should set spec status on SpecEnd to success if no status set" time="0.001" classname="jqlite Chrome 21.0.angular.scenario.ObjectModel"/>
    <testcase name="should set status to error after SpecError" time="0" classname="jqlite Chrome 21.0.angular.scenario.ObjectModel"/>
    <testcase name="should set spec status to failure if step fails" time="0.003" classname="jqlite Chrome 21.0.angular.scenario.ObjectModel"/>
    <testcase name="should set spec status to error if step errors" time="0.001" classname="jqlite Chrome 21.0.angular.scenario.ObjectModel"/>
    <testcase name="should provide method for registering a listener" time="0" classname="jqlite Chrome 21.0.angular.scenario.ObjectModel events"/>
    <testcase name="should forward SpecBegin event" time="0.001" classname="jqlite Chrome 21.0.angular.scenario.ObjectModel events"/>
    <testcase name="should forward SpecBegin event with ObjectModel.Spec as a param" time="0.001" classname="jqlite Chrome 21.0.angular.scenario.ObjectModel events"/>
    <testcase name="should forward SpecError event" time="0" classname="jqlite Chrome 21.0.angular.scenario.ObjectModel events"/>
    <testcase name="should forward SpecError event with ObjectModel.Spec and error as a params" time="0.001" classname="jqlite Chrome 21.0.angular.scenario.ObjectModel events"/>
    <testcase name="should forward SpecEnd event" time="0" classname="jqlite Chrome 21.0.angular.scenario.ObjectModel events"/>
    <testcase name="should forward SpecEnd event with ObjectModel.Spec as a param" time="0" classname="jqlite Chrome 21.0.angular.scenario.ObjectModel events"/>
    <testcase name="should forward StepBegin event" time="0" classname="jqlite Chrome 21.0.angular.scenario.ObjectModel events"/>
    <testcase name="should forward StepBegin event with Spec and Step as params" time="0" classname="jqlite Chrome 21.0.angular.scenario.ObjectModel events"/>
    <testcase name="should forward StepError event" time="0.001" classname="jqlite Chrome 21.0.angular.scenario.ObjectModel events"/>
    <testcase name="should forward StepError event with Spec, Step and error as params" time="0" classname="jqlite Chrome 21.0.angular.scenario.ObjectModel events"/>
    <testcase name="should forward StepFailure event" time="0" classname="jqlite Chrome 21.0.angular.scenario.ObjectModel events"/>
    <testcase name="should forward StepFailure event with Spec, Step and error as params" time="0.001" classname="jqlite Chrome 21.0.angular.scenario.ObjectModel events"/>
    <testcase name="should forward StepEnd event" time="0" classname="jqlite Chrome 21.0.angular.scenario.ObjectModel events"/>
    <testcase name="should forward StepEnd event with Spec and Step as params" time="0.001" classname="jqlite Chrome 21.0.angular.scenario.ObjectModel events"/>
    <testcase name="should forward RunnerEnd event" time="0" classname="jqlite Chrome 21.0.angular.scenario.ObjectModel events"/>
    <testcase name="should set error of first failure" time="0" classname="jqlite Chrome 21.0.angular.scenario.ObjectModel events"/>
    <testcase name="should set line number of first failure" time="0" classname="jqlite Chrome 21.0.angular.scenario.ObjectModel events"/>
    <testcase name="should publish the functions in the public API" time="0.001" classname="jqlite Chrome 21.0.angular.scenario.Runner"/>
    <testcase name="should construct valid describe trees with public API" time="0" classname="jqlite Chrome 21.0.angular.scenario.Runner"/>
    <testcase name="should publish the DSL statements to the $window" time="0.004" classname="jqlite Chrome 21.0.angular.scenario.Runner"/>
    <testcase name="should create a new scope for each DSL chain" time="0.002" classname="jqlite Chrome 21.0.angular.scenario.Runner"/>
    <testcase name="should compile dom node and return scope" time="0.008" classname="jqlite Chrome 21.0.ScenarioSpec: Compilation compilation"/>
    <testcase name="should compile jQuery node and return scope" time="0.002" classname="jqlite Chrome 21.0.ScenarioSpec: Compilation compilation"/>
    <testcase name="should compile text node and return scope" time="0.003" classname="jqlite Chrome 21.0.ScenarioSpec: Compilation compilation"/>
    <testcase name="should bind futures to the spec" time="0.002" classname="jqlite Chrome 21.0.angular.scenario.SpecRunner"/>
    <testcase name="should pass done to future action behavior" time="0.003" classname="jqlite Chrome 21.0.angular.scenario.SpecRunner"/>
    <testcase name="should execute spec function and notify UI" time="0.003" classname="jqlite Chrome 21.0.angular.scenario.SpecRunner"/>
    <testcase name="should execute notify UI on spec setup error" time="0.004" classname="jqlite Chrome 21.0.angular.scenario.SpecRunner"/>
    <testcase name="should execute notify UI on step failure" time="0.003" classname="jqlite Chrome 21.0.angular.scenario.SpecRunner"/>
    <testcase name="should execute notify UI on step error" time="0.006" classname="jqlite Chrome 21.0.angular.scenario.SpecRunner"/>
    <testcase name="should run after handlers even if error in body of spec" time="0.002" classname="jqlite Chrome 21.0.angular.scenario.SpecRunner"/>
    <testcase name="should pause until resume to complete" time="0.004" classname="jqlite Chrome 21.0.angular.scenario.dsl Pause"/>
    <testcase name="should sleep for specified seconds" time="0.003" classname="jqlite Chrome 21.0.angular.scenario.dsl Sleep"/>
    <testcase name="should chain and execute matcher" time="0.003" classname="jqlite Chrome 21.0.angular.scenario.dsl Expect"/>
    <testcase name="should navigateTo" time="0.004" classname="jqlite Chrome 21.0.angular.scenario.dsl Browser Reload"/>
    <testcase name="should allow a string url" time="0.003" classname="jqlite Chrome 21.0.angular.scenario.dsl Browser NavigateTo"/>
    <testcase name="should allow a future url" time="0.003" classname="jqlite Chrome 21.0.angular.scenario.dsl Browser NavigateTo"/>
    <testcase name="should complete if angular is missing from app frame" time="0.005" classname="jqlite Chrome 21.0.angular.scenario.dsl Browser NavigateTo"/>
    <testcase name="should return full URL for href" time="0.003" classname="jqlite Chrome 21.0.angular.scenario.dsl Browser window"/>
    <testcase name="should return the pathname" time="0.002" classname="jqlite Chrome 21.0.angular.scenario.dsl Browser window"/>
    <testcase name="should return the search part" time="0.003" classname="jqlite Chrome 21.0.angular.scenario.dsl Browser window"/>
    <testcase name="should return the hash without the #" time="0.003" classname="jqlite Chrome 21.0.angular.scenario.dsl Browser window"/>
    <testcase name="should return full url" time="0.006" classname="jqlite Chrome 21.0.angular.scenario.dsl Browser location"/>
    <testcase name="should return the pathname" time="0.011" classname="jqlite Chrome 21.0.angular.scenario.dsl Browser location"/>
    <testcase name="should return the query string as an object" time="0.003" classname="jqlite Chrome 21.0.angular.scenario.dsl Browser location"/>
    <testcase name="should return the hash without the #" time="0.003" classname="jqlite Chrome 21.0.angular.scenario.dsl Browser location"/>
    <testcase name="should select single option" time="0.006" classname="jqlite Chrome 21.0.angular.scenario.dsl Element Finding Select"/>
    <testcase name="should select option by name" time="0.005" classname="jqlite Chrome 21.0.angular.scenario.dsl Element Finding Select"/>
    <testcase name="should select multiple options" time="0.003" classname="jqlite Chrome 21.0.angular.scenario.dsl Element Finding Select"/>
    <testcase name="should fail to select multiple options on non-multiple select" time="0.004" classname="jqlite Chrome 21.0.angular.scenario.dsl Element Finding Select"/>
    <testcase name="should execute click" time="0.004" classname="jqlite Chrome 21.0.angular.scenario.dsl Element Finding Element"/>
    <testcase name="should navigate page if click on anchor" time="0.004" classname="jqlite Chrome 21.0.angular.scenario.dsl Element Finding Element"/>
    <testcase name="should not navigate if click event was cancelled" time="0.005" classname="jqlite Chrome 21.0.angular.scenario.dsl Element Finding Element"/>
    <testcase name="should execute dblclick" time="0.004" classname="jqlite Chrome 21.0.angular.scenario.dsl Element Finding Element"/>
    <testcase name="should navigate page if dblclick on anchor" time="0.004" classname="jqlite Chrome 21.0.angular.scenario.dsl Element Finding Element"/>
    <testcase name="should not navigate if dblclick event was cancelled" time="0.003" classname="jqlite Chrome 21.0.angular.scenario.dsl Element Finding Element"/>
    <testcase name="should count matching elements" time="0.002" classname="jqlite Chrome 21.0.angular.scenario.dsl Element Finding Element"/>
    <testcase name="should return count of 0 if no matching elements" time="0.002" classname="jqlite Chrome 21.0.angular.scenario.dsl Element Finding Element"/>
    <testcase name="should get attribute" time="0.005" classname="jqlite Chrome 21.0.angular.scenario.dsl Element Finding Element"/>
    <testcase name="should set attribute" time="0.003" classname="jqlite Chrome 21.0.angular.scenario.dsl Element Finding Element"/>
    <testcase name="should get property" time="0.003" classname="jqlite Chrome 21.0.angular.scenario.dsl Element Finding Element"/>
    <testcase name="should set property" time="0.003" classname="jqlite Chrome 21.0.angular.scenario.dsl Element Finding Element"/>
    <testcase name="should get css" time="0.003" classname="jqlite Chrome 21.0.angular.scenario.dsl Element Finding Element"/>
    <testcase name="should set css" time="0.004" classname="jqlite Chrome 21.0.angular.scenario.dsl Element Finding Element"/>
    <testcase name="should add all jQuery key/value methods" time="0.001" classname="jqlite Chrome 21.0.angular.scenario.dsl Element Finding Element"/>
    <testcase name="should get val" time="0.014" classname="jqlite Chrome 21.0.angular.scenario.dsl Element Finding Element"/>
    <testcase name="should set val" time="0.004" classname="jqlite Chrome 21.0.angular.scenario.dsl Element Finding Element"/>
    <testcase name="should use correct future name for generated set methods" time="0.003" classname="jqlite Chrome 21.0.angular.scenario.dsl Element Finding Element"/>
    <testcase name="should use correct future name for generated get methods" time="0.003" classname="jqlite Chrome 21.0.angular.scenario.dsl Element Finding Element"/>
    <testcase name="should add all jQuery property methods" time="0.002" classname="jqlite Chrome 21.0.angular.scenario.dsl Element Finding Element"/>
    <testcase name="should execute custom query" time="0.003" classname="jqlite Chrome 21.0.angular.scenario.dsl Element Finding Element"/>
    <testcase name="should use the selector as label if none is given" time="0.003" classname="jqlite Chrome 21.0.angular.scenario.dsl Element Finding Element"/>
    <testcase name="should include the selector in paren when a label is given" time="0.015" classname="jqlite Chrome 21.0.angular.scenario.dsl Element Finding Element"/>
    <testcase name="should get the row count" time="0.01" classname="jqlite Chrome 21.0.angular.scenario.dsl Element Finding Repeater"/>
    <testcase name="should return 0 if repeater doesnt match" time="0.005" classname="jqlite Chrome 21.0.angular.scenario.dsl Element Finding Repeater"/>
    <testcase name="should get a row of bindings" time="0.009" classname="jqlite Chrome 21.0.angular.scenario.dsl Element Finding Repeater"/>
    <testcase name="should get a column of bindings" time="0.006" classname="jqlite Chrome 21.0.angular.scenario.dsl Element Finding Repeater"/>
    <testcase name="should use the selector as label if none is given" time="0.005" classname="jqlite Chrome 21.0.angular.scenario.dsl Element Finding Repeater"/>
    <testcase name="should include the selector in paren when a label is given" time="0.013" classname="jqlite Chrome 21.0.angular.scenario.dsl Element Finding Repeater"/>
    <testcase name="should select binding in interpolation" time="0.005" classname="jqlite Chrome 21.0.angular.scenario.dsl Element Finding Binding"/>
    <testcase name="should select binding in multiple interpolations" time="0.005" classname="jqlite Chrome 21.0.angular.scenario.dsl Element Finding Binding"/>
    <testcase name="should select binding by name" time="0.003" classname="jqlite Chrome 21.0.angular.scenario.dsl Element Finding Binding"/>
    <testcase name="should select binding by regexp" time="0.004" classname="jqlite Chrome 21.0.angular.scenario.dsl Element Finding Binding"/>
    <testcase name="should return innerHTML for all the other elements" time="0.009" classname="jqlite Chrome 21.0.angular.scenario.dsl Element Finding Binding"/>
    <testcase name="should select binding in template by name" time="0.008" classname="jqlite Chrome 21.0.angular.scenario.dsl Element Finding Binding"/>
    <testcase name="should match bindings by substring match" time="0.004" classname="jqlite Chrome 21.0.angular.scenario.dsl Element Finding Binding"/>
    <testcase name="should return error if no bindings in document" time="0.002" classname="jqlite Chrome 21.0.angular.scenario.dsl Element Finding Binding"/>
    <testcase name="should return error if no binding matches" time="0.004" classname="jqlite Chrome 21.0.angular.scenario.dsl Element Finding Binding"/>
    <testcase name="should prefix selector in $document.elements()" time="0.003" classname="jqlite Chrome 21.0.angular.scenario.dsl Element Finding Using"/>
    <testcase name="should use the selector as label if none is given" time="0.001" classname="jqlite Chrome 21.0.angular.scenario.dsl Element Finding Using"/>
    <testcase name="should include the selector in paren when a label is given" time="0.002" classname="jqlite Chrome 21.0.angular.scenario.dsl Element Finding Using"/>
    <testcase name="should change value in text input" time="0.003" classname="jqlite Chrome 21.0.angular.scenario.dsl Element Finding Input"/>
    <testcase name="should change value in text input in dash form" time="0.002" classname="jqlite Chrome 21.0.angular.scenario.dsl Element Finding Input"/>
    <testcase name="should return error if no input exists" time="0.003" classname="jqlite Chrome 21.0.angular.scenario.dsl Element Finding Input"/>
    <testcase name="should toggle checkbox state" time="0.004" classname="jqlite Chrome 21.0.angular.scenario.dsl Element Finding Input"/>
    <testcase name="should return error if checkbox did not match" time="0.003" classname="jqlite Chrome 21.0.angular.scenario.dsl Element Finding Input"/>
    <testcase name="should select option from radio group" time="0.003" classname="jqlite Chrome 21.0.angular.scenario.dsl Element Finding Input"/>
    <testcase name="should return error if radio button did not match" time="0.003" classname="jqlite Chrome 21.0.angular.scenario.dsl Element Finding Input"/>
    <testcase name="should return value in text input" time="0.002" classname="jqlite Chrome 21.0.angular.scenario.dsl Element Finding Input val"/>
    <testcase name="should change value in textarea" time="0.002" classname="jqlite Chrome 21.0.angular.scenario.dsl Element Finding Textarea"/>
    <testcase name="should return error if no textarea exists" time="0.002" classname="jqlite Chrome 21.0.angular.scenario.dsl Element Finding Textarea"/>
    <testcase name="should handle basic matching" time="0.001" classname="jqlite Chrome 21.0.angular.scenario.matchers"/>
    <testcase name="should have toHaveClass matcher" time="0" classname="jqlite Chrome 21.0.angular.scenario.matchers"/>
    <testcase name="should create nested describe context" time="0.005" classname="jqlite Chrome 21.0.angular.scenario.output.html"/>
    <testcase name="should add link on InteractivePause" time="0.004" classname="jqlite Chrome 21.0.angular.scenario.output.html"/>
    <testcase name="should update totals when steps complete" time="0.009" classname="jqlite Chrome 21.0.angular.scenario.output.html"/>
    <testcase name="should update timer when test completes" time="0.004" classname="jqlite Chrome 21.0.angular.scenario.output.html"/>
    <testcase name="should include line if provided" time="0.003" classname="jqlite Chrome 21.0.angular.scenario.output.html"/>
    <testcase name="should put json in context on RunnerEnd" time="0.001" classname="jqlite Chrome 21.0.angular.scenario.output.json"/>
    <testcase name="should create a global variable $result" time="0.001" classname="jqlite Chrome 21.0.angular.scenario.output.object"/>
    <testcase name="should maintain live state in $result" time="0" classname="jqlite Chrome 21.0.angular.scenario.output.object"/>
    <testcase name="should create XML nodes for object model" time="0.001" classname="jqlite Chrome 21.0.angular.scenario.output.json"/>
    <testcase name="should change case" time="0.001" classname="jqlite Chrome 21.0.angular case"/>
    <testcase name="should return same object" time="0" classname="jqlite Chrome 21.0.angular copy"/>
    <testcase name="should copy Date" time="0" classname="jqlite Chrome 21.0.angular copy"/>
    <testcase name="should copy array" time="0" classname="jqlite Chrome 21.0.angular copy"/>
    <testcase name="should copy empty array" time="0" classname="jqlite Chrome 21.0.angular copy"/>
    <testcase name="should copy object" time="0" classname="jqlite Chrome 21.0.angular copy"/>
    <testcase name="should copy primitives" time="0" classname="jqlite Chrome 21.0.angular copy"/>
    <testcase name="should throw an exception if a Scope is being copied" time="0.002" classname="jqlite Chrome 21.0.angular copy"/>
    <testcase name="should throw an exception if a Window is being copied" time="0" classname="jqlite Chrome 21.0.angular copy"/>
    <testcase name="should throw an exception when source and destination are equivalent" time="0" classname="jqlite Chrome 21.0.angular copy"/>
    <testcase name="should make a copy" time="0.001" classname="jqlite Chrome 21.0.angular shallow copy"/>
    <testcase name="should not copy $$ properties nor prototype properties" time="0" classname="jqlite Chrome 21.0.angular shallow copy"/>
    <testcase name="should dump element" time="0.001" classname="jqlite Chrome 21.0.angular elementHTML"/>
    <testcase name="should return true if same object" time="0" classname="jqlite Chrome 21.0.angular equals"/>
    <testcase name="should recurse into object" time="0.001" classname="jqlite Chrome 21.0.angular equals"/>
    <testcase name="should ignore $ member variables" time="0" classname="jqlite Chrome 21.0.angular equals"/>
    <testcase name="should ignore functions" time="0" classname="jqlite Chrome 21.0.angular equals"/>
    <testcase name="should work well with nulls" time="0" classname="jqlite Chrome 21.0.angular equals"/>
    <testcase name="should work well with undefined" time="0" classname="jqlite Chrome 21.0.angular equals"/>
    <testcase name="should treat two NaNs as equal" time="0" classname="jqlite Chrome 21.0.angular equals"/>
    <testcase name="should compare Scope instances only by identity" time="0.001" classname="jqlite Chrome 21.0.angular equals"/>
    <testcase name="should compare Window instances only by identity" time="0.005" classname="jqlite Chrome 21.0.angular equals"/>
    <testcase name="should compare dates" time="0.001" classname="jqlite Chrome 21.0.angular equals"/>
    <testcase name="should return the number of items in an array" time="0" classname="jqlite Chrome 21.0.angular size"/>
    <testcase name="should return the number of properties of an object" time="0" classname="jqlite Chrome 21.0.angular size"/>
    <testcase name="should return the number of own properties of an object" time="0.001" classname="jqlite Chrome 21.0.angular size"/>
    <testcase name="should return the string length" time="0" classname="jqlite Chrome 21.0.angular size"/>
    <testcase name="should not rely on length property of an object to determine its size" time="0" classname="jqlite Chrome 21.0.angular size"/>
    <testcase name="should parse a string into key-value pairs" time="0.001" classname="jqlite Chrome 21.0.angular parseKeyValue"/>
    <testcase name="should parse key-value pairs into string" time="0.001" classname="jqlite Chrome 21.0.angular toKeyValue"/>
    <testcase name="should parse true values into flags" time="0" classname="jqlite Chrome 21.0.angular toKeyValue"/>
    <testcase name="should iterate over *own* object properties" time="0" classname="jqlite Chrome 21.0.angular forEach"/>
    <testcase name="should collect keys from object" time="0.001" classname="jqlite Chrome 21.0.angular sortedKeys"/>
    <testcase name="should correctly encode uri segment and not encode chars defined as pchar set in rfc3986" time="0" classname="jqlite Chrome 21.0.angular encodeUriSegment"/>
    <testcase name="should correctly encode uri query and not encode chars defined as pchar set in rfc3986" time="0.001" classname="jqlite Chrome 21.0.angular encodeUriQuery"/>
    <testcase name="should do nothing when not found" time="0" classname="jqlite Chrome 21.0.angular angularInit"/>
    <testcase name="should look for ngApp directive as attr" time="0.001" classname="jqlite Chrome 21.0.angular angularInit"/>
    <testcase name="should look for ngApp directive in id" time="0" classname="jqlite Chrome 21.0.angular angularInit"/>
    <testcase name="should look for ngApp directive in className" time="0.001" classname="jqlite Chrome 21.0.angular angularInit"/>
    <testcase name="should look for ngApp directive using querySelectorAll" time="0.001" classname="jqlite Chrome 21.0.angular angularInit"/>
    <testcase name="should bootstrap using class name" time="0.001" classname="jqlite Chrome 21.0.angular angularInit"/>
    <testcase name="should bootstrap anonymously" time="0.001" classname="jqlite Chrome 21.0.angular angularInit"/>
    <testcase name="should bootstrap anonymously using class only" time="0.001" classname="jqlite Chrome 21.0.angular angularInit"/>
    <testcase name="should bootstrap if the annotation is on the root element" time="0" classname="jqlite Chrome 21.0.angular angularInit"/>
    <testcase name="should complain if app module cannot be found" time="0.002" classname="jqlite Chrome 21.0.angular angularInit"/>
    <testcase name="should override services" time="0.002" classname="jqlite Chrome 21.0.angular angular service"/>
    <testcase name="should inject dependencies specified by $inject and ignore function argument name" time="0" classname="jqlite Chrome 21.0.angular angular service"/>
    <testcase name="should return true for Date object" time="0.001" classname="jqlite Chrome 21.0.angular isDate"/>
    <testcase name="should return false for non Date objects" time="0" classname="jqlite Chrome 21.0.angular isDate"/>
    <testcase name="should link to existing node and create scope" time="0.003" classname="jqlite Chrome 21.0.angular compile"/>
    <testcase name="should link to existing node and given scope" time="0.003" classname="jqlite Chrome 21.0.angular compile"/>
    <testcase name="should link to new node and given scope" time="0.003" classname="jqlite Chrome 21.0.angular compile"/>
    <testcase name="should link to cloned node and create scope" time="0.006" classname="jqlite Chrome 21.0.angular compile"/>
    <testcase name="should correctly detect node name with &quot;namespace&quot; when xmlns is defined" time="0.001" classname="jqlite Chrome 21.0.angular nodeName_"/>
    <testcase name="should correctly detect node name with &quot;namespace&quot; when xmlns is NOT defined" time="0" classname="jqlite Chrome 21.0.angular nodeName_"/>
    <testcase name="should return new id per call" time="0.007" classname="jqlite Chrome 21.0.angular nextUid()"/>
    <testcase name="version should have full/major/minor/dot/codeName properties" time="0.001" classname="jqlite Chrome 21.0.angular version"/>
    <testcase name="should bootstrap app" time="0.003" classname="jqlite Chrome 21.0.angular bootstrap"/>
    <testcase name="should complain if app module can&apos;t be found" time="0.002" classname="jqlite Chrome 21.0.angular bootstrap"/>
    <testcase name="should show starting element tag only" time="0" classname="jqlite Chrome 21.0.angular startingElementHtml"/>
    <testcase name="should convert to snake_case" time="0.001" classname="jqlite Chrome 21.0.angular snake_case"/>
    <testcase name="should delegate to JSON.parse" time="0.001" classname="jqlite Chrome 21.0.angular fromJson"/>
    <testcase name="should delegate to JSON.stringify" time="0" classname="jqlite Chrome 21.0.angular toJson"/>
    <testcase name="should format objects pretty" time="0.001" classname="jqlite Chrome 21.0.angular toJson"/>
    <testcase name="should not serialize properties starting with $" time="0" classname="jqlite Chrome 21.0.angular toJson"/>
    <testcase name="should not serialize $window object" time="0" classname="jqlite Chrome 21.0.angular toJson"/>
    <testcase name="should not serialize $document object" time="0.001" classname="jqlite Chrome 21.0.angular toJson"/>
    <testcase name="should not serialize scope instances" time="0.001" classname="jqlite Chrome 21.0.angular toJson"/>
    <testcase name="should do basic crud" time="0" classname="jqlite Chrome 21.0.api HashMap"/>
    <testcase name="should init from an array" time="0" classname="jqlite Chrome 21.0.api HashMap"/>
    <testcase name="should do basic crud with collections" time="0.001" classname="jqlite Chrome 21.0.api HashQueueMap"/>
    <testcase name="should support primitive and object keys" time="0" classname="jqlite Chrome 21.0.api HashQueueMap"/>
    <testcase name="BindUpdate" time="0.004" classname="jqlite Chrome 21.0.Binder"/>
    <testcase name="ExecuteInitialization" time="0.003" classname="jqlite Chrome 21.0.Binder"/>
    <testcase name="ExecuteInitializationStatements" time="0.002" classname="jqlite Chrome 21.0.Binder"/>
    <testcase name="ApplyTextBindings" time="0.003" classname="jqlite Chrome 21.0.Binder"/>
    <testcase name="InputTypeButtonActionExecutesInScope" time="0.004" classname="jqlite Chrome 21.0.Binder"/>
    <testcase name="InputTypeButtonActionExecutesInScope2" time="0.004" classname="jqlite Chrome 21.0.Binder"/>
    <testcase name="ButtonElementActionExecutesInScope" time="0.004" classname="jqlite Chrome 21.0.Binder"/>
    <testcase name="RepeaterUpdateBindings" time="0.016" classname="jqlite Chrome 21.0.Binder"/>
    <testcase name="RepeaterContentDoesNotBind" time="0.005" classname="jqlite Chrome 21.0.Binder"/>
    <testcase name="DoNotOverwriteCustomAction" time="0.004" classname="jqlite Chrome 21.0.Binder"/>
    <testcase name="ItShouldRemoveExtraChildrenWhenIteratingOverHash" time="0.004" classname="jqlite Chrome 21.0.Binder"/>
    <testcase name="IfTextBindingThrowsErrorDecorateTheSpan" time="0.003" classname="jqlite Chrome 21.0.Binder"/>
    <testcase name="IfAttrBindingThrowsErrorDecorateTheAttribute" time="0.003" classname="jqlite Chrome 21.0.Binder"/>
    <testcase name="NestedRepeater" time="0.011" classname="jqlite Chrome 21.0.Binder"/>
    <testcase name="HideBindingExpression" time="0.003" classname="jqlite Chrome 21.0.Binder"/>
    <testcase name="HideBinding" time="0.002" classname="jqlite Chrome 21.0.Binder"/>
    <testcase name="ShowBinding" time="0.002" classname="jqlite Chrome 21.0.Binder"/>
    <testcase name="BindClass" time="0.004" classname="jqlite Chrome 21.0.Binder"/>
    <testcase name="BindClassEvenOdd" time="0.006" classname="jqlite Chrome 21.0.Binder"/>
    <testcase name="BindStyle" time="0.002" classname="jqlite Chrome 21.0.Binder"/>
    <testcase name="ActionOnAHrefThrowsError" time="0.003" classname="jqlite Chrome 21.0.Binder"/>
    <testcase name="ShoulIgnoreVbNonBindable" time="0.003" classname="jqlite Chrome 21.0.Binder"/>
    <testcase name="ShouldTemplateBindPreElements" time="0.004" classname="jqlite Chrome 21.0.Binder"/>
    <testcase name="FillInOptionValueWhenMissing" time="0.005" classname="jqlite Chrome 21.0.Binder"/>
    <testcase name="ItShouldSelectTheCorrectRadioBox" time="0.004" classname="jqlite Chrome 21.0.Binder"/>
    <testcase name="ItShouldRepeatOnHashes" time="0.006" classname="jqlite Chrome 21.0.Binder"/>
    <testcase name="ItShouldFireChangeListenersBeforeUpdate" time="0.004" classname="jqlite Chrome 21.0.Binder"/>
    <testcase name="ItShouldHandleMultilineBindings" time="0.003" classname="jqlite Chrome 21.0.Binder"/>
    <testcase name="should be jqLite when jqLiteMode is on, otherwise jQuery" time="0.015" classname="jqlite Chrome 21.0.jqLite"/>
    <testcase name="should allow construction with text node" time="0.002" classname="jqlite Chrome 21.0.jqLite construction"/>
    <testcase name="should allow construction with html" time="0.002" classname="jqlite Chrome 21.0.jqLite construction"/>
    <testcase name="should allow creation of comment tags" time="0.003" classname="jqlite Chrome 21.0.jqLite construction"/>
    <testcase name="should allow creation of script tags" time="0.002" classname="jqlite Chrome 21.0.jqLite construction"/>
    <testcase name="should wrap document fragment" time="0.002" classname="jqlite Chrome 21.0.jqLite construction"/>
    <testcase name="should retrieve data attached to the current element" time="0.002" classname="jqlite Chrome 21.0.jqLite inheritedData"/>
    <testcase name="should walk up the dom to find data" time="0.002" classname="jqlite Chrome 21.0.jqLite inheritedData"/>
    <testcase name="should return undefined when no data was found" time="0.002" classname="jqlite Chrome 21.0.jqLite inheritedData"/>
    <testcase name="should work with the child html element instead if the current element is the document obj" time="0.002" classname="jqlite Chrome 21.0.jqLite inheritedData"/>
    <testcase name="should retrieve scope attached to the current element" time="0.007" classname="jqlite Chrome 21.0.jqLite scope"/>
    <testcase name="should retrieve scope attached to the html element if its requested on the document" time="0.002" classname="jqlite Chrome 21.0.jqLite scope"/>
    <testcase name="should walk up the dom to find scope" time="0.002" classname="jqlite Chrome 21.0.jqLite scope"/>
    <testcase name="should return undefined when no scope was found" time="0.002" classname="jqlite Chrome 21.0.jqLite scope"/>
    <testcase name="should retrieve injector attached to the current element or its parent" time="0.003" classname="jqlite Chrome 21.0.jqLite injector"/>
    <testcase name="should retrieve injector attached to the html element if its requested on document" time="0.003" classname="jqlite Chrome 21.0.jqLite injector"/>
    <testcase name="should do nothing with a noncompiled template" time="0.002" classname="jqlite Chrome 21.0.jqLite injector"/>
    <testcase name="should retrieve controller attached to the current element or its parent" time="0.001" classname="jqlite Chrome 21.0.jqLite controller"/>
    <testcase name="should set and get and remove data" time="0.003" classname="jqlite Chrome 21.0.jqLite data"/>
    <testcase name="should emit $destroy event if element removed via remove()" time="0.002" classname="jqlite Chrome 21.0.jqLite data"/>
    <testcase name="should emit $destroy event if an element is removed via html()" time="0.003" classname="jqlite Chrome 21.0.jqLite data"/>
    <testcase name="should retrieve all data if called without params" time="0.003" classname="jqlite Chrome 21.0.jqLite data"/>
    <testcase name="should create a new data object if called without args" time="0.002" classname="jqlite Chrome 21.0.jqLite data"/>
    <testcase name="should create a new data object if called with a single object arg" time="0.001" classname="jqlite Chrome 21.0.jqLite data"/>
    <testcase name="should merge existing data object with a new one if called with a single object arg" time="0.003" classname="jqlite Chrome 21.0.jqLite data"/>
    <testcase name="should remove data on element removal" time="0.001" classname="jqlite Chrome 21.0.jqLite data data cleanup"/>
    <testcase name="should remove event listeners on element removal" time="0.003" classname="jqlite Chrome 21.0.jqLite data data cleanup"/>
    <testcase name="should read write and remove attr" time="0.003" classname="jqlite Chrome 21.0.jqLite attr"/>
    <testcase name="should read boolean attributes as strings" time="0.002" classname="jqlite Chrome 21.0.jqLite attr"/>
    <testcase name="should add/remove boolean attributes" time="0.003" classname="jqlite Chrome 21.0.jqLite attr"/>
    <testcase name="should normalize the case of boolean attributes" time="0.003" classname="jqlite Chrome 21.0.jqLite attr"/>
    <testcase name="should return undefined for non-existing attributes" time="0.002" classname="jqlite Chrome 21.0.jqLite attr"/>
    <testcase name="should return undefined for non-existing attributes on input" time="0.002" classname="jqlite Chrome 21.0.jqLite attr"/>
    <testcase name="should read element property" time="0.002" classname="jqlite Chrome 21.0.jqLite prop"/>
    <testcase name="should set element property to a value" time="0.001" classname="jqlite Chrome 21.0.jqLite prop"/>
    <testcase name="should set boolean element property" time="0.003" classname="jqlite Chrome 21.0.jqLite prop"/>
    <testcase name="should check class" time="0.002" classname="jqlite Chrome 21.0.jqLite class hasClass"/>
    <testcase name="should make sure that partial class is not checked as a subset" time="0.004" classname="jqlite Chrome 21.0.jqLite class hasClass"/>
    <testcase name="should allow adding of class" time="0.002" classname="jqlite Chrome 21.0.jqLite class addClass"/>
    <testcase name="should ignore falsy values" time="0.002" classname="jqlite Chrome 21.0.jqLite class addClass"/>
    <testcase name="should allow multiple classes to be added in a single string" time="0.002" classname="jqlite Chrome 21.0.jqLite class addClass"/>
    <testcase name="should not add duplicate classes" time="0.002" classname="jqlite Chrome 21.0.jqLite class addClass"/>
    <testcase name="should allow toggling of class" time="0.003" classname="jqlite Chrome 21.0.jqLite class toggleClass"/>
    <testcase name="should allow removal of class" time="0.002" classname="jqlite Chrome 21.0.jqLite class removeClass"/>
    <testcase name="should correctly remove middle class" time="0.002" classname="jqlite Chrome 21.0.jqLite class removeClass"/>
    <testcase name="should remove multiple classes specified as one string" time="0.001" classname="jqlite Chrome 21.0.jqLite class removeClass"/>
    <testcase name="should set and read css" time="0.003" classname="jqlite Chrome 21.0.jqLite css"/>
    <testcase name="should set a bunch of css properties specified via an object" time="0.003" classname="jqlite Chrome 21.0.jqLite css"/>
    <testcase name="should correctly handle dash-separated and camelCased properties" time="0.02" classname="jqlite Chrome 21.0.jqLite css"/>
    <testcase name="should return null on empty" time="0.002" classname="jqlite Chrome 21.0.jqLite text"/>
    <testcase name="should read/write value" time="0.001" classname="jqlite Chrome 21.0.jqLite text"/>
    <testcase name="should read, write value" time="0.002" classname="jqlite Chrome 21.0.jqLite val"/>
    <testcase name="should return null on empty" time="0.001" classname="jqlite Chrome 21.0.jqLite html"/>
    <testcase name="should read/write value" time="0.002" classname="jqlite Chrome 21.0.jqLite html"/>
    <testcase name="should bind to window on hashchange" time="0.001" classname="jqlite Chrome 21.0.jqLite bind"/>
    <testcase name="should bind to all elements and return functions" time="0.002" classname="jqlite Chrome 21.0.jqLite bind"/>
    <testcase name="should bind to all events separated by space" time="0.002" classname="jqlite Chrome 21.0.jqLite bind"/>
    <testcase name="should set event.target on IE" time="0.001" classname="jqlite Chrome 21.0.jqLite bind"/>
    <testcase name="should have event.isDefaultPrevented method" time="0.002" classname="jqlite Chrome 21.0.jqLite bind"/>
    <testcase name="should fire mouseenter when coming from outside the browser window" time="0.002" classname="jqlite Chrome 21.0.jqLite bind mouseenter-mouseleave"/>
    <testcase name="should do nothing when no listener was registered with bound" time="0.002" classname="jqlite Chrome 21.0.jqLite unbind"/>
    <testcase name="should deregister all listeners" time="0.001" classname="jqlite Chrome 21.0.jqLite unbind"/>
    <testcase name="should deregister listeners for specific type" time="0.002" classname="jqlite Chrome 21.0.jqLite unbind"/>
    <testcase name="should deregister specific listener" time="0.002" classname="jqlite Chrome 21.0.jqLite unbind"/>
    <testcase name="should replaceWith" time="0.001" classname="jqlite Chrome 21.0.jqLite replaceWith"/>
    <testcase name="should replaceWith text" time="0.002" classname="jqlite Chrome 21.0.jqLite replaceWith"/>
    <testcase name="should select non-text children" time="0.001" classname="jqlite Chrome 21.0.jqLite children"/>
    <testcase name="should select all children nodes" time="0.002" classname="jqlite Chrome 21.0.jqLite contents"/>
    <testcase name="should append" time="0.002" classname="jqlite Chrome 21.0.jqLite append"/>
    <testcase name="should append text" time="0.001" classname="jqlite Chrome 21.0.jqLite append"/>
    <testcase name="should not append anything if parent node is not of type element" time="0.002" classname="jqlite Chrome 21.0.jqLite append"/>
    <testcase name="should wrap text node" time="0.002" classname="jqlite Chrome 21.0.jqLite wrap"/>
    <testcase name="should wrap free text node" time="0.001" classname="jqlite Chrome 21.0.jqLite wrap"/>
    <testcase name="should prepend to empty" time="0.001" classname="jqlite Chrome 21.0.jqLite prepend"/>
    <testcase name="should prepend to content" time="0.001" classname="jqlite Chrome 21.0.jqLite prepend"/>
    <testcase name="should prepend text to content" time="0.001" classname="jqlite Chrome 21.0.jqLite prepend"/>
    <testcase name="should remove" time="0.002" classname="jqlite Chrome 21.0.jqLite remove"/>
    <testcase name="should after" time="0.002" classname="jqlite Chrome 21.0.jqLite after"/>
    <testcase name="should allow taking text" time="0.001" classname="jqlite Chrome 21.0.jqLite after"/>
    <testcase name="should return parent or an empty set when no parent" time="0.003" classname="jqlite Chrome 21.0.jqLite parent"/>
    <testcase name="should return empty set when no parent" time="0.001" classname="jqlite Chrome 21.0.jqLite parent"/>
    <testcase name="should return empty jqLite object when parent is a document fragment" time="0.002" classname="jqlite Chrome 21.0.jqLite parent"/>
    <testcase name="should return next sibling" time="0.001" classname="jqlite Chrome 21.0.jqLite next"/>
    <testcase name="should find child by name" time="0.001" classname="jqlite Chrome 21.0.jqLite find"/>
    <testcase name="should select the nth element " time="0.002" classname="jqlite Chrome 21.0.jqLite eq"/>
    <testcase name="should leave non-dashed strings alone" time="0.001" classname="jqlite Chrome 21.0.jqLite camelCase"/>
    <testcase name="should covert dash-separated strings to camelCase" time="0.001" classname="jqlite Chrome 21.0.jqLite camelCase"/>
    <testcase name="should covert browser specific css properties" time="0.001" classname="jqlite Chrome 21.0.jqLite camelCase"/>
    <testcase name="should set up namespace" time="0" classname="jqlite Chrome 21.0.module loader"/>
    <testcase name="should not override existing namespace" time="0" classname="jqlite Chrome 21.0.module loader"/>
    <testcase name="should record calls" time="0.001" classname="jqlite Chrome 21.0.module loader"/>
    <testcase name="should allow module redefinition" time="0.001" classname="jqlite Chrome 21.0.module loader"/>
    <testcase name="should complain of no module" time="0" classname="jqlite Chrome 21.0.module loader"/>
    <testcase name="should return same instance from calling provider" time="0.001" classname="jqlite Chrome 21.0.injector"/>
    <testcase name="should inject providers" time="0.001" classname="jqlite Chrome 21.0.injector"/>
    <testcase name="should resolve dependency graph and instantiate all services just once" time="0.001" classname="jqlite Chrome 21.0.injector"/>
    <testcase name="should provide useful message if no provider" time="0.001" classname="jqlite Chrome 21.0.injector"/>
    <testcase name="should proved path to the missing provider" time="0.001" classname="jqlite Chrome 21.0.injector"/>
    <testcase name="should create a new $injector for the run phase" time="0.001" classname="jqlite Chrome 21.0.injector"/>
    <testcase name="should call function" time="0.001" classname="jqlite Chrome 21.0.injector invoke"/>
    <testcase name="should treat array as annotations" time="0.001" classname="jqlite Chrome 21.0.injector invoke"/>
    <testcase name="should invoke the passed-in fn with all of the dependencies as arguments" time="0.001" classname="jqlite Chrome 21.0.injector invoke"/>
    <testcase name="should fail with errors if not function or array" time="0.001" classname="jqlite Chrome 21.0.injector invoke"/>
    <testcase name="should return $inject" time="0.001" classname="jqlite Chrome 21.0.injector annotation"/>
    <testcase name="should create $inject" time="0.001" classname="jqlite Chrome 21.0.injector annotation"/>
    <testcase name="should strip leading and trailing underscores from arg name during inference" time="0.001" classname="jqlite Chrome 21.0.injector annotation"/>
    <testcase name="should handle no arg functions" time="0.001" classname="jqlite Chrome 21.0.injector annotation"/>
    <testcase name="should handle no arg functions with spaces in the arguments list" time="0.001" classname="jqlite Chrome 21.0.injector annotation"/>
    <testcase name="should handle args with both $ and _" time="0.001" classname="jqlite Chrome 21.0.injector annotation"/>
    <testcase name="should throw on non function arg" time="0.001" classname="jqlite Chrome 21.0.injector annotation"/>
    <testcase name="should publish annotate API" time="0.001" classname="jqlite Chrome 21.0.injector annotation"/>
    <testcase name="should have $injector" time="0.001" classname="jqlite Chrome 21.0.injector"/>
    <testcase name="should define module" time="0.001" classname="jqlite Chrome 21.0.injector"/>
    <testcase name="should provide $injector even when no module is requested" time="0.002" classname="jqlite Chrome 21.0.injector module"/>
    <testcase name="should load multiple function modules and infer inject them" time="0.001" classname="jqlite Chrome 21.0.injector module"/>
    <testcase name="should run symbolic modules" time="0.001" classname="jqlite Chrome 21.0.injector module"/>
    <testcase name="should error on invalid module name" time="0.001" classname="jqlite Chrome 21.0.injector module"/>
    <testcase name="should load dependant modules only once" time="0.003" classname="jqlite Chrome 21.0.injector module"/>
    <testcase name="should execute runBlocks after injector creation" time="0.001" classname="jqlite Chrome 21.0.injector module"/>
    <testcase name="should create configuration injectable constants" time="0.001" classname="jqlite Chrome 21.0.injector module $provide constant"/>
    <testcase name="should configure $provide values" time="0.002" classname="jqlite Chrome 21.0.injector module $provide value"/>
    <testcase name="should configure a set of values" time="0.001" classname="jqlite Chrome 21.0.injector module $provide value"/>
    <testcase name="should configure $provide factory function" time="0.001" classname="jqlite Chrome 21.0.injector module $provide factory"/>
    <testcase name="should configure a set of factories" time="0.001" classname="jqlite Chrome 21.0.injector module $provide factory"/>
    <testcase name="should register a class" time="0.002" classname="jqlite Chrome 21.0.injector module $provide service"/>
    <testcase name="should register a set of classes" time="0.001" classname="jqlite Chrome 21.0.injector module $provide service"/>
    <testcase name="should configure $provide provider object" time="0.003" classname="jqlite Chrome 21.0.injector module $provide provider"/>
    <testcase name="should configure $provide provider type" time="0.002" classname="jqlite Chrome 21.0.injector module $provide provider"/>
    <testcase name="should configure a set of providers" time="0.002" classname="jqlite Chrome 21.0.injector module $provide provider"/>
    <testcase name="should be called with the original instance" time="0.001" classname="jqlite Chrome 21.0.injector module $provide decorator"/>
    <testcase name="should allow multiple decorators to be applied to a service" time="0.001" classname="jqlite Chrome 21.0.injector module $provide decorator"/>
    <testcase name="should decorate services with dependencies" time="0.002" classname="jqlite Chrome 21.0.injector module $provide decorator"/>
    <testcase name="should allow for decorators to be injectable" time="0.001" classname="jqlite Chrome 21.0.injector module $provide decorator"/>
    <testcase name="should handle wrong argument type" time="0.002" classname="jqlite Chrome 21.0.injector module error handling"/>
    <testcase name="should handle exceptions" time="0.001" classname="jqlite Chrome 21.0.injector module error handling"/>
    <testcase name="should decorate the missing service error with module name" time="0.002" classname="jqlite Chrome 21.0.injector module error handling"/>
    <testcase name="should decorate the missing service error with module function" time="0.001" classname="jqlite Chrome 21.0.injector module error handling"/>
    <testcase name="should decorate the missing service error with module array function" time="0.002" classname="jqlite Chrome 21.0.injector module error handling"/>
    <testcase name="should throw error when trying to inject oneself" time="0.014" classname="jqlite Chrome 21.0.injector module error handling"/>
    <testcase name="should throw error when trying to inject circular dependency" time="0.002" classname="jqlite Chrome 21.0.injector module error handling"/>
    <testcase name="should retrieve by name and cache instance" time="0.002" classname="jqlite Chrome 21.0.injector retrieval"/>
    <testcase name="should call functions and infer arguments" time="0.002" classname="jqlite Chrome 21.0.injector retrieval"/>
    <testcase name="should invoke method" time="0.002" classname="jqlite Chrome 21.0.injector method invoking"/>
    <testcase name="should invoke method with locals" time="0.001" classname="jqlite Chrome 21.0.injector method invoking"/>
    <testcase name="should invoke method which is annotated" time="0.003" classname="jqlite Chrome 21.0.injector method invoking"/>
    <testcase name="should invoke method which is an array of annotation" time="0.001" classname="jqlite Chrome 21.0.injector method invoking"/>
    <testcase name="should throw usefull error on wrong argument type]" time="0.002" classname="jqlite Chrome 21.0.injector method invoking"/>
    <testcase name="should instantiate object and preserve constructor property and be instanceof" time="0.002" classname="jqlite Chrome 21.0.injector service instantiation"/>
    <testcase name="should instantiate object and preserve constructor property and be instanceof with the array annotated type" time="0.002" classname="jqlite Chrome 21.0.injector service instantiation"/>
    <testcase name="should allow constructor to return different object" time="0.004" classname="jqlite Chrome 21.0.injector service instantiation"/>
    <testcase name="should handle constructor exception" time="0.001" classname="jqlite Chrome 21.0.injector service instantiation"/>
    <testcase name="should return instance if constructor returns non-object value" time="0.002" classname="jqlite Chrome 21.0.injector service instantiation"/>
    <testcase name="should prevent provider lookup in app" time="0.001" classname="jqlite Chrome 21.0.injector protection modes"/>
    <testcase name="should prevent provider configuration in app" time="0.002" classname="jqlite Chrome 21.0.injector protection modes"/>
    <testcase name="should prevent instance lookup in module" time="0.002" classname="jqlite Chrome 21.0.injector protection modes"/>
    <testcase name="should create the right structure" time="0.005" classname="jqlite Chrome 21.0.bootstrap tabbable"/>
    <testcase name="should respond to tab click" time="0.004" classname="jqlite Chrome 21.0.bootstrap tabbable"/>
    <testcase name="should select the first tab in repeater" time="0.005" classname="jqlite Chrome 21.0.bootstrap tabbable"/>
    <testcase name="should bind to model" time="0.005" classname="jqlite Chrome 21.0.bootstrap tabbable ngModel"/>
    <testcase name="should not overwrite the model" time="0.006" classname="jqlite Chrome 21.0.bootstrap tabbable ngModel"/>
    <testcase name="should default to an empty array" time="0.004" classname="jqlite Chrome 21.0.$http $httpProvider interceptors"/>
    <testcase name="should pass the responses through interceptors" time="0.002" classname="jqlite Chrome 21.0.$http $httpProvider interceptors"/>
    <testcase name="should support interceptors defined as services" time="0.006" classname="jqlite Chrome 21.0.$http $httpProvider interceptors"/>
    <testcase name="should do basic request" time="0.002" classname="jqlite Chrome 21.0.$http the instance"/>
    <testcase name="should pass data if specified" time="0.001" classname="jqlite Chrome 21.0.$http the instance"/>
    <testcase name="should do basic request with params and encode" time="0.002" classname="jqlite Chrome 21.0.$http the instance params"/>
    <testcase name="should merge params if url contains some already" time="0.002" classname="jqlite Chrome 21.0.$http the instance params"/>
    <testcase name="should jsonify objects in params map" time="0.001" classname="jqlite Chrome 21.0.$http the instance params"/>
    <testcase name="should pass in the response object when a request is successful" time="0.002" classname="jqlite Chrome 21.0.$http the instance callbacks"/>
    <testcase name="should pass in the response object when a request failed" time="0.002" classname="jqlite Chrome 21.0.$http the instance callbacks"/>
    <testcase name="should allow http specific callbacks to be registered via &quot;success&quot;" time="0.002" classname="jqlite Chrome 21.0.$http the instance callbacks success"/>
    <testcase name="should return the original http promise" time="0.001" classname="jqlite Chrome 21.0.$http the instance callbacks success"/>
    <testcase name="should allow http specific callbacks to be registered via &quot;error&quot;" time="0.002" classname="jqlite Chrome 21.0.$http the instance callbacks error"/>
    <testcase name="should return the original http promise" time="0.002" classname="jqlite Chrome 21.0.$http the instance callbacks error"/>
    <testcase name="should return single header" time="0.002" classname="jqlite Chrome 21.0.$http the instance response headers"/>
    <testcase name="should return null when single header does not exist" time="0.002" classname="jqlite Chrome 21.0.$http the instance response headers"/>
    <testcase name="should return all headers as object" time="0.002" classname="jqlite Chrome 21.0.$http the instance response headers"/>
    <testcase name="should return empty object for jsonp request" time="0.001" classname="jqlite Chrome 21.0.$http the instance response headers"/>
    <testcase name="should parse basic" time="0.001" classname="jqlite Chrome 21.0.$http the instance response headers parser"/>
    <testcase name="should parse lines without space after colon" time="0.002" classname="jqlite Chrome 21.0.$http the instance response headers parser"/>
    <testcase name="should trim the values" time="0.002" classname="jqlite Chrome 21.0.$http the instance response headers parser"/>
    <testcase name="should allow headers without value" time="0.002" classname="jqlite Chrome 21.0.$http the instance response headers parser"/>
    <testcase name="should merge headers with same key" time="0.002" classname="jqlite Chrome 21.0.$http the instance response headers parser"/>
    <testcase name="should normalize keys to lower case" time="0.002" classname="jqlite Chrome 21.0.$http the instance response headers parser"/>
    <testcase name="should parse CRLF as delimiter" time="0.002" classname="jqlite Chrome 21.0.$http the instance response headers parser"/>
    <testcase name="should parse tab after semi-colon" time="0.001" classname="jqlite Chrome 21.0.$http the instance response headers parser"/>
    <testcase name="should send custom headers" time="0.002" classname="jqlite Chrome 21.0.$http the instance request headers"/>
    <testcase name="should set default headers for GET request" time="0.002" classname="jqlite Chrome 21.0.$http the instance request headers"/>
    <testcase name="should set default headers for POST request" time="0.002" classname="jqlite Chrome 21.0.$http the instance request headers"/>
    <testcase name="should set default headers for PUT request" time="0.002" classname="jqlite Chrome 21.0.$http the instance request headers"/>
    <testcase name="should set default headers for custom HTTP method" time="0.015" classname="jqlite Chrome 21.0.$http the instance request headers"/>
    <testcase name="should override default headers with custom" time="0.002" classname="jqlite Chrome 21.0.$http the instance request headers"/>
    <testcase name="should not send Content-Type header if request data/body is undefined" time="0.002" classname="jqlite Chrome 21.0.$http the instance request headers"/>
    <testcase name="should set the XSRF cookie into a XSRF header" time="0.002" classname="jqlite Chrome 21.0.$http the instance request headers"/>
    <testcase name="should have get()" time="0.002" classname="jqlite Chrome 21.0.$http the instance short methods"/>
    <testcase name="get() should allow config param" time="0.001" classname="jqlite Chrome 21.0.$http the instance short methods"/>
    <testcase name="should have delete()" time="0.002" classname="jqlite Chrome 21.0.$http the instance short methods"/>
    <testcase name="delete() should allow config param" time="0.002" classname="jqlite Chrome 21.0.$http the instance short methods"/>
    <testcase name="should have head()" time="0.001" classname="jqlite Chrome 21.0.$http the instance short methods"/>
    <testcase name="head() should allow config param" time="0.002" classname="jqlite Chrome 21.0.$http the instance short methods"/>
    <testcase name="should have post()" time="0.001" classname="jqlite Chrome 21.0.$http the instance short methods"/>
    <testcase name="post() should allow config param" time="0.002" classname="jqlite Chrome 21.0.$http the instance short methods"/>
    <testcase name="should have put()" time="0.003" classname="jqlite Chrome 21.0.$http the instance short methods"/>
    <testcase name="put() should allow config param" time="0.001" classname="jqlite Chrome 21.0.$http the instance short methods"/>
    <testcase name="should have jsonp()" time="0.002" classname="jqlite Chrome 21.0.$http the instance short methods"/>
    <testcase name="jsonp() should allow config param" time="0.002" classname="jqlite Chrome 21.0.$http the instance short methods"/>
    <testcase name="should $apply after success callback" time="0.002" classname="jqlite Chrome 21.0.$http the instance scope.$apply"/>
    <testcase name="should $apply after error callback" time="0.002" classname="jqlite Chrome 21.0.$http the instance scope.$apply"/>
    <testcase name="should $apply even if exception thrown during callback" time="0.001" classname="jqlite Chrome 21.0.$http the instance scope.$apply"/>
    <testcase name="should transform object into json" time="0.001" classname="jqlite Chrome 21.0.$http the instance transformData request default"/>
    <testcase name="should ignore strings" time="0.002" classname="jqlite Chrome 21.0.$http the instance transformData request default"/>
    <testcase name="should ignore File objects" time="0.002" classname="jqlite Chrome 21.0.$http the instance transformData request default"/>
    <testcase name="should have access to request headers" time="0.002" classname="jqlite Chrome 21.0.$http the instance transformData request"/>
    <testcase name="should pipeline more functions" time="0.001" classname="jqlite Chrome 21.0.$http the instance transformData request"/>
    <testcase name="should deserialize json objects" time="0.002" classname="jqlite Chrome 21.0.$http the instance transformData response default"/>
    <testcase name="should deserialize json arrays" time="0.002" classname="jqlite Chrome 21.0.$http the instance transformData response default"/>
    <testcase name="should deserialize json with security prefix" time="0.002" classname="jqlite Chrome 21.0.$http the instance transformData response default"/>
    <testcase name="should deserialize json with security prefix &quot;)]}&apos;&quot;" time="0.001" classname="jqlite Chrome 21.0.$http the instance transformData response default"/>
    <testcase name="should not deserialize tpl beginning with ng expression" time="0.002" classname="jqlite Chrome 21.0.$http the instance transformData response default"/>
    <testcase name="should have access to response headers" time="0.002" classname="jqlite Chrome 21.0.$http the instance transformData response"/>
    <testcase name="should pipeline more functions" time="0.002" classname="jqlite Chrome 21.0.$http the instance transformData response"/>
    <testcase name="should cache GET request when cache is provided" time="0.002" classname="jqlite Chrome 21.0.$http the instance cache"/>
    <testcase name="should not cache when cache is not provided" time="0.002" classname="jqlite Chrome 21.0.$http the instance cache"/>
    <testcase name="should perform request when cache cleared" time="0.001" classname="jqlite Chrome 21.0.$http the instance cache"/>
    <testcase name="should always call callback asynchronously" time="0.002" classname="jqlite Chrome 21.0.$http the instance cache"/>
    <testcase name="should not cache POST request" time="0.002" classname="jqlite Chrome 21.0.$http the instance cache"/>
    <testcase name="should not cache PUT request" time="0.002" classname="jqlite Chrome 21.0.$http the instance cache"/>
    <testcase name="should not cache DELETE request" time="0.003" classname="jqlite Chrome 21.0.$http the instance cache"/>
    <testcase name="should not cache non 2xx responses" time="0.001" classname="jqlite Chrome 21.0.$http the instance cache"/>
    <testcase name="should cache the headers as well" time="0.002" classname="jqlite Chrome 21.0.$http the instance cache"/>
    <testcase name="should not share the cached headers object instance" time="0.002" classname="jqlite Chrome 21.0.$http the instance cache"/>
    <testcase name="should cache status code as well" time="0.002" classname="jqlite Chrome 21.0.$http the instance cache"/>
    <testcase name="should use cache even if second request was made before the first returned" time="0.002" classname="jqlite Chrome 21.0.$http the instance cache"/>
    <testcase name="should default to status code 200 and empty headers if cache contains a non-array element" time="0.002" classname="jqlite Chrome 21.0.$http the instance cache"/>
    <testcase name="should be an array of pending requests" time="0.002" classname="jqlite Chrome 21.0.$http the instance pendingRequests"/>
    <testcase name="should update pending requests even when served from cache" time="0.002" classname="jqlite Chrome 21.0.$http the instance pendingRequests"/>
    <testcase name="should remove the request before firing callbacks" time="0.002" classname="jqlite Chrome 21.0.$http the instance pendingRequests"/>
    <testcase name="should expose the defaults object at runtime" time="0.002" classname="jqlite Chrome 21.0.$http the instance defaults"/>
    <testcase name="should pass timeout, withCredentials and responseType" time="0.002" classname="jqlite Chrome 21.0.$http"/>
    <testcase name="should use withCredentials from default" time="0.002" classname="jqlite Chrome 21.0.$http"/>
    <testcase name="should provide common getters" time="0.001" classname="jqlite Chrome 21.0.$location NewUrl"/>
    <testcase name="path() should change path" time="0.001" classname="jqlite Chrome 21.0.$location NewUrl"/>
    <testcase name="search() should accept string" time="0" classname="jqlite Chrome 21.0.$location NewUrl"/>
    <testcase name="search() should accept object" time="0.001" classname="jqlite Chrome 21.0.$location NewUrl"/>
    <testcase name="search() should change single parameter" time="0" classname="jqlite Chrome 21.0.$location NewUrl"/>
    <testcase name="search() should remove single parameter" time="0.001" classname="jqlite Chrome 21.0.$location NewUrl"/>
    <testcase name="hash() should change hash fragment" time="0" classname="jqlite Chrome 21.0.$location NewUrl"/>
    <testcase name="url() should change the path, search and hash" time="0.001" classname="jqlite Chrome 21.0.$location NewUrl"/>
    <testcase name="url() should change only hash when no search and path specified" time="0.001" classname="jqlite Chrome 21.0.$location NewUrl"/>
    <testcase name="url() should change only search and hash when no path specified" time="0" classname="jqlite Chrome 21.0.$location NewUrl"/>
    <testcase name="url() should reset search and hash when only path specified" time="0.001" classname="jqlite Chrome 21.0.$location NewUrl"/>
    <testcase name="replace should set $$replace flag and return itself" time="0.001" classname="jqlite Chrome 21.0.$location NewUrl"/>
    <testcase name="should parse new url" time="0" classname="jqlite Chrome 21.0.$location NewUrl"/>
    <testcase name="should prefix path with forward-slash" time="0.001" classname="jqlite Chrome 21.0.$location NewUrl"/>
    <testcase name="should set path to forward-slash when empty" time="0" classname="jqlite Chrome 21.0.$location NewUrl"/>
    <testcase name="setters should return Url object to allow chaining" time="0.015" classname="jqlite Chrome 21.0.$location NewUrl"/>
    <testcase name="should not preserve old properties when parsing new url" time="0.001" classname="jqlite Chrome 21.0.$location NewUrl"/>
    <testcase name="should prepend path with basePath" time="0" classname="jqlite Chrome 21.0.$location NewUrl"/>
    <testcase name="should throw error when invalid url given" time="0.001" classname="jqlite Chrome 21.0.$location NewUrl"/>
    <testcase name="should encode special characters" time="0.001" classname="jqlite Chrome 21.0.$location NewUrl encoding"/>
    <testcase name="should not encode !$:@" time="0" classname="jqlite Chrome 21.0.$location NewUrl encoding"/>
    <testcase name="should decode special characters" time="0.001" classname="jqlite Chrome 21.0.$location NewUrl encoding"/>
    <testcase name="should parse hashband url into path and search" time="0.001" classname="jqlite Chrome 21.0.$location HashbangUrl"/>
    <testcase name="absUrl() should return hashbang url" time="0" classname="jqlite Chrome 21.0.$location HashbangUrl"/>
    <testcase name="should preserve query params in base" time="0.002" classname="jqlite Chrome 21.0.$location HashbangUrl"/>
    <testcase name="should prefix path with forward-slash" time="0.001" classname="jqlite Chrome 21.0.$location HashbangUrl"/>
    <testcase name="should set path to forward-slash when empty" time="0" classname="jqlite Chrome 21.0.$location HashbangUrl"/>
    <testcase name="should not preserve old properties when parsing new url" time="0.001" classname="jqlite Chrome 21.0.$location HashbangUrl"/>
    <testcase name="should throw error when invalid url given" time="0.001" classname="jqlite Chrome 21.0.$location HashbangUrl"/>
    <testcase name="should encode special characters" time="0.001" classname="jqlite Chrome 21.0.$location HashbangUrl encoding"/>
    <testcase name="should not encode !$:@" time="0.001" classname="jqlite Chrome 21.0.$location HashbangUrl encoding"/>
    <testcase name="should decode special characters" time="0.001" classname="jqlite Chrome 21.0.$location HashbangUrl encoding"/>
    <testcase name="should return decoded characters for search specified in URL" time="0" classname="jqlite Chrome 21.0.$location HashbangUrl encoding"/>
    <testcase name="should return decoded characters for search specified with setter" time="0.001" classname="jqlite Chrome 21.0.$location HashbangUrl encoding"/>
    <testcase name="should update $location when browser url changes" time="0.002" classname="jqlite Chrome 21.0.$location wiring"/>
    <testcase name="should not $apply when browser url changed inside $apply" time="0.002" classname="jqlite Chrome 21.0.$location wiring"/>
    <testcase name="should not $apply when browser url changed inside $digest" time="0.002" classname="jqlite Chrome 21.0.$location wiring"/>
    <testcase name="should update browser when $location changes" time="0.002" classname="jqlite Chrome 21.0.$location wiring"/>
    <testcase name="should update browser only once per $apply cycle" time="0.003" classname="jqlite Chrome 21.0.$location wiring"/>
    <testcase name="should replace browser url when url was replaced at least once" time="0.003" classname="jqlite Chrome 21.0.$location wiring"/>
    <testcase name="should update the browser if changed from within a watcher" time="0.002" classname="jqlite Chrome 21.0.$location wiring"/>
    <testcase name="should use hashbang url with hash prefix" time="0.002" classname="jqlite Chrome 21.0.$location disabled history"/>
    <testcase name="should use hashbang url without hash prefix" time="0.002" classname="jqlite Chrome 21.0.$location disabled history"/>
    <testcase name="should use hashbang url with hash prefix" time="0.002" classname="jqlite Chrome 21.0.$location history on old browser"/>
    <testcase name="should redirect to hashbang url when new url given" time="0.003" classname="jqlite Chrome 21.0.$location history on old browser"/>
    <testcase name="should use new url" time="0.015" classname="jqlite Chrome 21.0.$location history on new browser"/>
    <testcase name="should rewrite when hashbang url given" time="0.002" classname="jqlite Chrome 21.0.$location history on new browser"/>
    <testcase name="should rewrite when hashbang url given (without hash prefix)" time="0.001" classname="jqlite Chrome 21.0.$location history on new browser"/>
    <testcase name="should parse basic url" time="0" classname="jqlite Chrome 21.0.$location URL_MATCH"/>
    <testcase name="should parse file://" time="0.001" classname="jqlite Chrome 21.0.$location URL_MATCH"/>
    <testcase name="should parse url with &quot;-&quot; in host" time="0" classname="jqlite Chrome 21.0.$location URL_MATCH"/>
    <testcase name="should parse host without &quot;/&quot; at the end" time="0" classname="jqlite Chrome 21.0.$location URL_MATCH"/>
    <testcase name="should match with just &quot;/&quot; path" time="0" classname="jqlite Chrome 21.0.$location URL_MATCH"/>
    <testcase name="should parse chrome extension urls" time="0.001" classname="jqlite Chrome 21.0.$location URL_MATCH"/>
    <testcase name="should parse just path" time="0" classname="jqlite Chrome 21.0.$location PATH_MATCH"/>
    <testcase name="should parse path with search" time="0" classname="jqlite Chrome 21.0.$location PATH_MATCH"/>
    <testcase name="should parse path with hash" time="0" classname="jqlite Chrome 21.0.$location PATH_MATCH"/>
    <testcase name="should parse path with both search and hash" time="0.005" classname="jqlite Chrome 21.0.$location PATH_MATCH"/>
    <testcase name="should rewrite rel link to new url when history enabled on new browser" time="0.003" classname="jqlite Chrome 21.0.$location link rewriting"/>
    <testcase name="should rewrite abs link to new url when history enabled on new browser" time="0.002" classname="jqlite Chrome 21.0.$location link rewriting"/>
    <testcase name="should rewrite rel link to hashbang url when history enabled on old browser" time="0.002" classname="jqlite Chrome 21.0.$location link rewriting"/>
    <testcase name="should rewrite abs link to hashbang url when history enabled on old browser" time="0.001" classname="jqlite Chrome 21.0.$location link rewriting"/>
    <testcase name="should not rewrite full url links do different domain" time="0.002" classname="jqlite Chrome 21.0.$location link rewriting"/>
    <testcase name="should not rewrite links with target=&quot;_blank&quot;" time="0.002" classname="jqlite Chrome 21.0.$location link rewriting"/>
    <testcase name="should not rewrite links with target specified" time="0.001" classname="jqlite Chrome 21.0.$location link rewriting"/>
    <testcase name="should rewrite full url links to same domain and base path" time="0.002" classname="jqlite Chrome 21.0.$location link rewriting"/>
    <testcase name="should rewrite when clicked span inside link" time="0.002" classname="jqlite Chrome 21.0.$location link rewriting"/>
    <testcase name="should not rewrite when link to different base path when history enabled on new browser" time="0.001" classname="jqlite Chrome 21.0.$location link rewriting"/>
    <testcase name="should not rewrite when link to different base path when history enabled on old browser" time="0.002" classname="jqlite Chrome 21.0.$location link rewriting"/>
    <testcase name="should not rewrite when link to different base path when history disabled" time="0.002" classname="jqlite Chrome 21.0.$location link rewriting"/>
    <testcase name="should not rewrite when full link to different base path when history enabled on new browser" time="0.001" classname="jqlite Chrome 21.0.$location link rewriting"/>
    <testcase name="should not rewrite when full link to different base path when history enabled on old browser" time="0.002" classname="jqlite Chrome 21.0.$location link rewriting"/>
    <testcase name="should not rewrite when full link to different base path when history disabled" time="0.001" classname="jqlite Chrome 21.0.$location link rewriting"/>
    <testcase name="should not rewrite when clicked with ctrl pressed" time="0.002" classname="jqlite Chrome 21.0.$location link rewriting"/>
    <testcase name="should not rewrite when clicked with meta pressed" time="0.001" classname="jqlite Chrome 21.0.$location link rewriting"/>
    <testcase name="should not mess up hash urls when clicking on links in hashbang mode" time="0.003" classname="jqlite Chrome 21.0.$location link rewriting"/>
    <testcase name="should not mess up hash urls when clicking on links in hashbang mode with a prefix" time="0.003" classname="jqlite Chrome 21.0.$location link rewriting"/>
    <testcase name="should not intercept link clicks outside the app base url space" time="0.002" classname="jqlite Chrome 21.0.$location link rewriting"/>
    <testcase name="should not intercept hash link clicks outside the app base url space" time="0.001" classname="jqlite Chrome 21.0.$location link rewriting"/>
    <testcase name="should not throw if element was removed" time="0.002" classname="jqlite Chrome 21.0.$location link rewriting"/>
    <testcase name="should fire $before/afterLocationChange event" time="0.002" classname="jqlite Chrome 21.0.$location location cancellation"/>
    <testcase name="should allow $locationChangeStart event cancellation" time="0.001" classname="jqlite Chrome 21.0.$location location cancellation"/>
    <testcase name="should fire $locationChangeSuccess event when change from browser location bar" time="0.003" classname="jqlite Chrome 21.0.$location location cancellation"/>
    <testcase name="should listen on click events on href and prevent browser default in hashbang mode" time="0.002" classname="jqlite Chrome 21.0.$location location cancellation"/>
    <testcase name="should listen on click events on href and prevent browser default in html5 mode" time="0.002" classname="jqlite Chrome 21.0.$location location cancellation"/>
    <testcase name="should have locale id set to en-us" time="0.001" classname="jqlite Chrome 21.0.$locale"/>
    <testcase name="should have NUMBER_FORMATS" time="0" classname="jqlite Chrome 21.0.$locale"/>
    <testcase name="should have DATETIME_FORMATS" time="0" classname="jqlite Chrome 21.0.$locale"/>
    <testcase name="should return correct plural types" time="0.001" classname="jqlite Chrome 21.0.$locale"/>
    <testcase name="should be injected" time="0.001" classname="jqlite Chrome 21.0.$cacheFactory"/>
    <testcase name="should return a new cache whenever called" time="0.001" classname="jqlite Chrome 21.0.$cacheFactory"/>
    <testcase name="should complain if the cache id is being reused" time="0.001" classname="jqlite Chrome 21.0.$cacheFactory"/>
    <testcase name="should provide info about all created caches" time="0.001" classname="jqlite Chrome 21.0.$cacheFactory info"/>
    <testcase name="should return a cache if looked up by id" time="0.001" classname="jqlite Chrome 21.0.$cacheFactory get"/>
    <testcase name="should add cache entries via add and retrieve them via get" time="0.001" classname="jqlite Chrome 21.0.$cacheFactory cache put, get &amp; remove"/>
    <testcase name="should ignore put if the value is undefined" time="0.001" classname="jqlite Chrome 21.0.$cacheFactory cache put, get &amp; remove"/>
    <testcase name="should remove entries via remove" time="0.001" classname="jqlite Chrome 21.0.$cacheFactory cache put, get &amp; remove"/>
    <testcase name="should stringify keys" time="0.001" classname="jqlite Chrome 21.0.$cacheFactory cache put, get &amp; remove"/>
    <testcase name="should size increment with put and decrement with remove" time="0.002" classname="jqlite Chrome 21.0.$cacheFactory cache info"/>
    <testcase name="should return cache id" time="0.002" classname="jqlite Chrome 21.0.$cacheFactory cache info"/>
    <testcase name="should blow away all data" time="0.001" classname="jqlite Chrome 21.0.$cacheFactory cache removeAll"/>
    <testcase name="should make the cache unusable and remove references to it from $cacheFactory" time="0.001" classname="jqlite Chrome 21.0.$cacheFactory cache destroy"/>
    <testcase name="should create cache with defined capacity" time="0.001" classname="jqlite Chrome 21.0.$cacheFactory LRU cache"/>
    <testcase name="should kick out the first entry on put" time="0.001" classname="jqlite Chrome 21.0.$cacheFactory LRU cache eviction"/>
    <testcase name="should refresh an entry via get" time="0.001" classname="jqlite Chrome 21.0.$cacheFactory LRU cache eviction"/>
    <testcase name="should refresh an entry via put" time="0.001" classname="jqlite Chrome 21.0.$cacheFactory LRU cache eviction"/>
    <testcase name="should not purge an entry if another one was removed" time="0.002" classname="jqlite Chrome 21.0.$cacheFactory LRU cache eviction"/>
    <testcase name="should purge the next entry if the stalest one was removed" time="0.001" classname="jqlite Chrome 21.0.$cacheFactory LRU cache eviction"/>
    <testcase name="should correctly recreate the linked list if all cache entries were removed" time="0.001" classname="jqlite Chrome 21.0.$cacheFactory LRU cache eviction"/>
[...]
    <testcase name="should build resource with action default param reading the value from instance" time="0.002" classname="jqlite Chrome 21.0.resource"/>
    <testcase name="should handle multiple params with same name" time="0.003" classname="jqlite Chrome 21.0.resource"/>
    <testcase name="should create resource" time="0.003" classname="jqlite Chrome 21.0.resource"/>
    <testcase name="should read resource" time="0.002" classname="jqlite Chrome 21.0.resource"/>
    <testcase name="should send correct headers" time="0.002" classname="jqlite Chrome 21.0.resource"/>
    <testcase name="should read partial resource" time="0.003" classname="jqlite Chrome 21.0.resource"/>
    <testcase name="should update resource" time="0.002" classname="jqlite Chrome 21.0.resource"/>
    <testcase name="should query resource" time="0.003" classname="jqlite Chrome 21.0.resource"/>
    <testcase name="should have all arguments optional" time="0.002" classname="jqlite Chrome 21.0.resource"/>
    <testcase name="should delete resource and call callback" time="0.003" classname="jqlite Chrome 21.0.resource"/>
    <testcase name="should post charge verb" time="0.002" classname="jqlite Chrome 21.0.resource"/>
    <testcase name="should post charge verb on instance" time="0.002" classname="jqlite Chrome 21.0.resource"/>
    <testcase name="should patch a resource" time="0.003" classname="jqlite Chrome 21.0.resource"/>
    <testcase name="should create on save" time="0.002" classname="jqlite Chrome 21.0.resource"/>
    <testcase name="should not mutate the resource object if response contains no body" time="0.003" classname="jqlite Chrome 21.0.resource"/>
    <testcase name="should bind default parameters" time="0.002" classname="jqlite Chrome 21.0.resource"/>
    <testcase name="should exercise full stack" time="0.002" classname="jqlite Chrome 21.0.resource"/>
    <testcase name="should call the error callback if provided on non 2xx response" time="0.002" classname="jqlite Chrome 21.0.resource failure mode"/>
    <testcase name="should call the error callback if provided on non 2xx response" time="0.002" classname="jqlite Chrome 21.0.resource failure mode"/>
    <testcase name="should parse basic format" time="0.002" classname="jqlite Chrome 21.0.HTML htmlParser"/>
    <testcase name="should parse newlines in tags" time="0.002" classname="jqlite Chrome 21.0.HTML htmlParser"/>
    <testcase name="should parse newlines in attributes" time="0.002" classname="jqlite Chrome 21.0.HTML htmlParser"/>
    <testcase name="should parse namespace" time="0.002" classname="jqlite Chrome 21.0.HTML htmlParser"/>
    <testcase name="should parse empty value attribute of node" time="0.002" classname="jqlite Chrome 21.0.HTML htmlParser"/>
    <testcase name="should echo html" time="0.006" classname="jqlite Chrome 21.0.HTML"/>
    <testcase name="should remove script" time="0.003" classname="jqlite Chrome 21.0.HTML"/>
    <testcase name="should remove nested script" time="0.001" classname="jqlite Chrome 21.0.HTML"/>
    <testcase name="should remove attrs" time="0.002" classname="jqlite Chrome 21.0.HTML"/>
    <testcase name="should remove style" time="0.002" classname="jqlite Chrome 21.0.HTML"/>
    <testcase name="should remove script and style" time="0.001" classname="jqlite Chrome 21.0.HTML"/>
    <testcase name="should remove double nested script" time="0.002" classname="jqlite Chrome 21.0.HTML"/>
    <testcase name="should remove unknown  names" time="0.002" classname="jqlite Chrome 21.0.HTML"/>
    <testcase name="should remove unsafe value" time="0.002" classname="jqlite Chrome 21.0.HTML"/>
    <testcase name="should handle self closed elements" time="0.001" classname="jqlite Chrome 21.0.HTML"/>
    <testcase name="should handle namespace" time="0.002" classname="jqlite Chrome 21.0.HTML"/>
    <testcase name="should handle entities" time="0.002" classname="jqlite Chrome 21.0.HTML"/>
    <testcase name="should handle improper html" time="0.001" classname="jqlite Chrome 21.0.HTML"/>
    <testcase name="should handle improper html2" time="0.002" classname="jqlite Chrome 21.0.HTML"/>
    <testcase name="should ignore back slash as escape" time="0.002" classname="jqlite Chrome 21.0.HTML"/>
    <testcase name="should ignore object attributes" time="0.002" classname="jqlite Chrome 21.0.HTML"/>
    <testcase name="should write basic HTML" time="0.002" classname="jqlite Chrome 21.0.HTML htmlSanitizerWriter"/>
    <testcase name="should escape text nodes" time="0.001" classname="jqlite Chrome 21.0.HTML htmlSanitizerWriter"/>
    <testcase name="should escape IE script" time="0.001" classname="jqlite Chrome 21.0.HTML htmlSanitizerWriter"/>
    <testcase name="should escape attributes" time="0.001" classname="jqlite Chrome 21.0.HTML htmlSanitizerWriter"/>
    <testcase name="should ignore missformed elements" time="0.002" classname="jqlite Chrome 21.0.HTML htmlSanitizerWriter"/>
    <testcase name="should ignore unknown attributes" time="0.001" classname="jqlite Chrome 21.0.HTML htmlSanitizerWriter"/>
    <testcase name="should not allow attributes" time="0.002" classname="jqlite Chrome 21.0.HTML htmlSanitizerWriter explicitly dissallow"/>
    <testcase name="should not allow tags" time="0.001" classname="jqlite Chrome 21.0.HTML htmlSanitizerWriter explicitly dissallow"/>
    <testcase name="should be URI" time="0.002" classname="jqlite Chrome 21.0.HTML htmlSanitizerWriter isUri"/>
    <testcase name="should not be UIR" time="0.001" classname="jqlite Chrome 21.0.HTML htmlSanitizerWriter isUri"/>
    <testcase name="should ignore javascript:" time="0.001" classname="jqlite Chrome 21.0.HTML htmlSanitizerWriter javascript URL attribute"/>
    <testcase name="should ignore dec encoded javascript:" time="0.001" classname="jqlite Chrome 21.0.HTML htmlSanitizerWriter javascript URL attribute"/>
    <testcase name="should ignore decimal with leading 0 encodede javascript:" time="0.001" classname="jqlite Chrome 21.0.HTML htmlSanitizerWriter javascript URL attribute"/>
    <testcase name="should ignore hex encoded javascript:" time="0.002" classname="jqlite Chrome 21.0.HTML htmlSanitizerWriter javascript URL attribute"/>
    <testcase name="should ignore hex encoded whitespace javascript:" time="0.002" classname="jqlite Chrome 21.0.HTML htmlSanitizerWriter javascript URL attribute"/>
    <testcase name="should set html" time="0.002" classname="jqlite Chrome 21.0.ngBindHtml"/>
    <testcase name="should reset html when value is null or undefined" time="0.003" classname="jqlite Chrome 21.0.ngBindHtml"/>
    <testcase name="should do basic filter" time="0.002" classname="jqlite Chrome 21.0.linky"/>
    <testcase name="should handle mailto:" time="0.002" classname="jqlite Chrome 21.0.linky"/>
    <testcase name="should look like a Date" time="0.001" classname="jqlite Chrome 21.0.ngMock TzDate"/>
    <testcase name="should take millis as constructor argument" time="0.001" classname="jqlite Chrome 21.0.ngMock TzDate"/>
    <testcase name="should take dateString as constructor argument" time="0.001" classname="jqlite Chrome 21.0.ngMock TzDate"/>
    <testcase name="should fake getLocalDateString method" time="0.001" classname="jqlite Chrome 21.0.ngMock TzDate"/>
    <testcase name="should fake toISOString method" time="0" classname="jqlite Chrome 21.0.ngMock TzDate"/>
    <testcase name="should fake getHours method" time="0" classname="jqlite Chrome 21.0.ngMock TzDate"/>
    <testcase name="should fake getMinutes method" time="0.001" classname="jqlite Chrome 21.0.ngMock TzDate"/>
    <testcase name="should fake getSeconds method" time="0" classname="jqlite Chrome 21.0.ngMock TzDate"/>
    <testcase name="should create a date representing new year in Bratislava" time="0.001" classname="jqlite Chrome 21.0.ngMock TzDate"/>
    <testcase name="should delegate all the UTC methods to the original UTC Date object" time="0.001" classname="jqlite Chrome 21.0.ngMock TzDate"/>
    <testcase name="should throw error when no third param but toString called" time="0" classname="jqlite Chrome 21.0.ngMock TzDate"/>
    <testcase name="should provide log method" time="0.002" classname="jqlite Chrome 21.0.ngMock $log"/>
    <testcase name="should provide info method" time="0.001" classname="jqlite Chrome 21.0.ngMock $log"/>
    <testcase name="should provide warn method" time="0.001" classname="jqlite Chrome 21.0.ngMock $log"/>
    <testcase name="should provide error method" time="0.001" classname="jqlite Chrome 21.0.ngMock $log"/>
    <testcase name="should store log messages" time="0.002" classname="jqlite Chrome 21.0.ngMock $log"/>
    <testcase name="should store info messages" time="0.002" classname="jqlite Chrome 21.0.ngMock $log"/>
    <testcase name="should store warn messages" time="0.002" classname="jqlite Chrome 21.0.ngMock $log"/>
    <testcase name="should store error messages" time="0.001" classname="jqlite Chrome 21.0.ngMock $log"/>
    <testcase name="should assertEmpty" time="0.005" classname="jqlite Chrome 21.0.ngMock $log"/>
    <testcase name="should reset state" time="0.002" classname="jqlite Chrome 21.0.ngMock $log"/>
    <testcase name="should flush" time="0.002" classname="jqlite Chrome 21.0.ngMock defer"/>
    <testcase name="should flush delayed" time="0.001" classname="jqlite Chrome 21.0.ngMock defer"/>
    <testcase name="should defer and flush over time" time="0.002" classname="jqlite Chrome 21.0.ngMock defer"/>
    <testcase name="should throw an exception if there is nothing to be flushed" time="0.001" classname="jqlite Chrome 21.0.ngMock defer"/>
    <testcase name="should rethrow exceptions" time="0.002" classname="jqlite Chrome 21.0.ngMock $exceptionHandler"/>
    <testcase name="should log exceptions" time="0" classname="jqlite Chrome 21.0.ngMock $exceptionHandler"/>
    <testcase name="should throw on wrong argument" time="0.001" classname="jqlite Chrome 21.0.ngMock $exceptionHandler"/>
    <testcase name="should expose flush method that will flush the pending queue of tasks" time="0.002" classname="jqlite Chrome 21.0.ngMock $timeout"/>
    <testcase name="should serialize primitive types" time="0" classname="jqlite Chrome 21.0.ngMock angular.mock.dump"/>
    <testcase name="should serialize element" time="0.001" classname="jqlite Chrome 21.0.ngMock angular.mock.dump"/>
    <testcase name="should serialize scope" time="0.002" classname="jqlite Chrome 21.0.ngMock angular.mock.dump"/>
    <testcase name="should be published on window" time="0" classname="jqlite Chrome 21.0.ngMock angular.mock.dump"/>
    <testcase name="should remove data" time="0.001" classname="jqlite Chrome 21.0.ngMock angular.mock.clearDataCache"/>
    <testcase name="should deregister event handlers" time="0.001" classname="jqlite Chrome 21.0.ngMock angular.mock.clearDataCache"/>
    <testcase name="should load module" time="0.04" classname="jqlite Chrome 21.0.ngMock jasmine module and inject module in DSL"/>
    <testcase name="should load module" time="0.002" classname="jqlite Chrome 21.0.ngMock jasmine module and inject module inline in test"/>
    <testcase name="should load module" time="0.001" classname="jqlite Chrome 21.0.ngMock jasmine module and inject inject in DSL"/>
    <testcase name="should load module" time="0.001" classname="jqlite Chrome 21.0.ngMock jasmine module and inject inject inline in test"/>
    <testcase name="should inject" time="0.001" classname="jqlite Chrome 21.0.ngMock jasmine module and inject inject module with inject"/>
    <testcase name="should respond with first matched definition" time="0.001" classname="jqlite Chrome 21.0.ngMock $httpBackend"/>
    <testcase name="should throw error when unexpected request" time="0.002" classname="jqlite Chrome 21.0.ngMock $httpBackend"/>
    <testcase name="should match headers if specified" time="0.001" classname="jqlite Chrome 21.0.ngMock $httpBackend"/>
    <testcase name="should match data if specified" time="0.001" classname="jqlite Chrome 21.0.ngMock $httpBackend"/>
    <testcase name="should match only method" time="0.001" classname="jqlite Chrome 21.0.ngMock $httpBackend"/>
    <testcase name="should preserve the order of requests" time="0.002" classname="jqlite Chrome 21.0.ngMock $httpBackend"/>
    <testcase name="should take values" time="0.001" classname="jqlite Chrome 21.0.ngMock $httpBackend respond()"/>
    <testcase name="should take function" time="0.001" classname="jqlite Chrome 21.0.ngMock $httpBackend respond()"/>
    <testcase name="should default status code to 200" time="0.002" classname="jqlite Chrome 21.0.ngMock $httpBackend respond()"/>
    <testcase name="should default response headers to &quot;&quot;" time="0.001" classname="jqlite Chrome 21.0.ngMock $httpBackend respond()"/>
    <testcase name="should require specified order" time="0.001" classname="jqlite Chrome 21.0.ngMock $httpBackend expect()"/>
    <testcase name="should have precedence over when()" time="0.002" classname="jqlite Chrome 21.0.ngMock $httpBackend expect()"/>
    <testcase name="should throw exception when only headers differs from expectation" time="0.001" classname="jqlite Chrome 21.0.ngMock $httpBackend expect()"/>
    <testcase name="should throw exception when only data differs from expectation" time="0.001" classname="jqlite Chrome 21.0.ngMock $httpBackend expect()"/>
    <testcase name="should use when&apos;s respond() when no expect() respond is defined" time="0.001" classname="jqlite Chrome 21.0.ngMock $httpBackend expect()"/>
    <testcase name="flush() should flush requests fired during callbacks" time="0.001" classname="jqlite Chrome 21.0.ngMock $httpBackend flush()"/>
    <testcase name="should flush given number of pending requests" time="0.001" classname="jqlite Chrome 21.0.ngMock $httpBackend flush()"/>
    <testcase name="should throw exception when flushing more requests than pending" time="0.001" classname="jqlite Chrome 21.0.ngMock $httpBackend flush()"/>
    <testcase name="should throw exception when no request to flush" time="0.001" classname="jqlite Chrome 21.0.ngMock $httpBackend flush()"/>
    <testcase name="should throw exception if not all expectations satisfied" time="0.002" classname="jqlite Chrome 21.0.ngMock $httpBackend flush()"/>
    <testcase name="should throw an exception if no response defined" time="0.001" classname="jqlite Chrome 21.0.ngMock $httpBackend"/>
    <testcase name="should throw an exception if no response for exception and no definition" time="0.001" classname="jqlite Chrome 21.0.ngMock $httpBackend"/>
    <testcase name="should respond undefined when JSONP method" time="0.001" classname="jqlite Chrome 21.0.ngMock $httpBackend"/>
    <testcase name="should not have passThrough method" time="0.002" classname="jqlite Chrome 21.0.ngMock $httpBackend"/>
    <testcase name="should throw exception if not all expectations were satisfied" time="0.001" classname="jqlite Chrome 21.0.ngMock $httpBackend verifyExpectations"/>
    <testcase name="should do nothing when no expectation" time="0.001" classname="jqlite Chrome 21.0.ngMock $httpBackend verifyExpectations"/>
    <testcase name="should do nothing when all expectations satisfied" time="0.001" classname="jqlite Chrome 21.0.ngMock $httpBackend verifyExpectations"/>
    <testcase name="should throw exception if not all requests were flushed" time="0.001" classname="jqlite Chrome 21.0.ngMock $httpBackend verifyRequests"/>
    <testcase name="should remove all expectations" time="0.001" classname="jqlite Chrome 21.0.ngMock $httpBackend resetExpectations"/>
    <testcase name="should remove all pending responses" time="0.001" classname="jqlite Chrome 21.0.ngMock $httpBackend resetExpectations"/>
    <testcase name="should not remove definitions" time="0.001" classname="jqlite Chrome 21.0.ngMock $httpBackend resetExpectations"/>
    <testcase name="should provide expectGET shortcut method" time="0.001" classname="jqlite Chrome 21.0.ngMock $httpBackend expect/when shortcuts"/>
    <testcase name="should provide expectPOST shortcut method" time="0.001" classname="jqlite Chrome 21.0.ngMock $httpBackend expect/when shortcuts"/>
    <testcase name="should provide expectPUT shortcut method" time="0.001" classname="jqlite Chrome 21.0.ngMock $httpBackend expect/when shortcuts"/>
    <testcase name="should provide expectPATCH shortcut method" time="0.001" classname="jqlite Chrome 21.0.ngMock $httpBackend expect/when shortcuts"/>
    <testcase name="should provide expectDELETE shortcut method" time="0.001" classname="jqlite Chrome 21.0.ngMock $httpBackend expect/when shortcuts"/>
    <testcase name="should provide expectJSONP shortcut method" time="0.001" classname="jqlite Chrome 21.0.ngMock $httpBackend expect/when shortcuts"/>
    <testcase name="should provide whenGET shortcut method" time="0.001" classname="jqlite Chrome 21.0.ngMock $httpBackend expect/when shortcuts"/>
    <testcase name="should provide whenPOST shortcut method" time="0.001" classname="jqlite Chrome 21.0.ngMock $httpBackend expect/when shortcuts"/>
    <testcase name="should provide whenPUT shortcut method" time="0.001" classname="jqlite Chrome 21.0.ngMock $httpBackend expect/when shortcuts"/>
    <testcase name="should provide whenPATCH shortcut method" time="0.001" classname="jqlite Chrome 21.0.ngMock $httpBackend expect/when shortcuts"/>
    <testcase name="should provide whenDELETE shortcut method" time="0.002" classname="jqlite Chrome 21.0.ngMock $httpBackend expect/when shortcuts"/>
    <testcase name="should provide whenJSONP shortcut method" time="0.001" classname="jqlite Chrome 21.0.ngMock $httpBackend expect/when shortcuts"/>
    <testcase name="should accept url as regexp" time="0.001" classname="jqlite Chrome 21.0.ngMock $httpBackend MockHttpExpectation"/>
    <testcase name="should accept data as regexp" time="0.001" classname="jqlite Chrome 21.0.ngMock $httpBackend MockHttpExpectation"/>
    <testcase name="should ignore data only if undefined (not null or false)" time="0.001" classname="jqlite Chrome 21.0.ngMock $httpBackend MockHttpExpectation"/>
    <testcase name="should accept headers as function" time="0.002" classname="jqlite Chrome 21.0.ngMock $httpBackend MockHttpExpectation"/>
    <testcase name="should create mock application root" time="0.001" classname="jqlite Chrome 21.0.ngMock $rootElement"/>
    <testcase name="should delegate requests to the real backend when passThrough is invoked" time="0.001" classname="jqlite Chrome 21.0.ngMockE2E $httpBackend passThrough()"/>
    <testcase name="should flush responses via $browser.defer" time="0.002" classname="jqlite Chrome 21.0.ngMockE2E $httpBackend autoflush"/>
    <testcase name="should initialize notes with an empty array" time="0.001" classname="jqlite Chrome 21.0.example.personalLog.LogCtrl"/>
    <testcase name="should add newMsg to logs as a log entry" time="0.001" classname="jqlite Chrome 21.0.example.personalLog.LogCtrl addLog"/>
    <testcase name="should clear newMsg when log entry is persisted" time="0.002" classname="jqlite Chrome 21.0.example.personalLog.LogCtrl addLog"/>
    <testcase name="should store logs in the logs cookie" time="0.001" classname="jqlite Chrome 21.0.example.personalLog.LogCtrl addLog"/>
    <testcase name="should do nothing if newMsg is empty" time="0.001" classname="jqlite Chrome 21.0.example.personalLog.LogCtrl addLog"/>
    <testcase name="should delete a message identified by index" time="0.002" classname="jqlite Chrome 21.0.example.personalLog.LogCtrl rmLog"/>
    <testcase name="should update cookies when a log is deleted" time="0.002" classname="jqlite Chrome 21.0.example.personalLog.LogCtrl rmLog"/>
    <testcase name="should remove all logs" time="0.001" classname="jqlite Chrome 21.0.example.personalLog.LogCtrl rmLogs"/>
    <testcase name="should remove logs cookie" time="0.002" classname="jqlite Chrome 21.0.example.personalLog.LogCtrl rmLogs"/>
    <system-out/>
    <system-err/>
  </testsuite>
</testsuites>
