<?xml version="1.0" encoding="UTF-8" ?>
<testsuites>
<testsuite name="suite.name.a" tests="1" errors="0" failures="0" hostname="hazelnut.osuosl.org" time="0.048" timestamp="2007-11-02T23:13:50" package="package.a" id="1">
  <properties></properties>
  <testcase name="case.name.a" classname="class.name.a" time="0.222"></testcase>
  <system-out></system-out>
  <system-err></system-err>
</testsuite>


<testsuite name="suite.name.b" tests="1" errors="0" failures="0" hostname="hazelnut.osuosl.org" time="0.048" timestamp="2007-11-02T23:13:50" package="package.b" id="1">
  <properties></properties>
  <testcase name="case.name.b" classname="class.name.b" time="0.222"></testcase>
  <system-out></system-out>
  <system-err></system-err>
</testsuite>
</testsuites>
