<?xml version="1.0"?>
<testsuites>
  <testsuite name="Chrome 21.0" package="E2E" timestamp="2012-09-20T03:49:07" id="0" hostname="dhcp-172-22-111-178.mtv.corp.google.com" tests="0" errors="0" failures="0" time="124.635">
    <properties>
      <property name="browser.fullName" value="Mozilla/5.0 (Macintosh; Intel Mac OS X 10_7_4) AppleWebKit/537.1 (KHTML, like Gecko) Chrome/21.0.1180.89 Safari/537.1"/>
    </properties>
    <testcase name="should navigate to URL" time="1.063" classname="E2E Chrome 21.0.angular+jqlite cookbook/deeplinking"/>
    <testcase name="should enable save button" time="0.464" classname="E2E Chrome 21.0.angular+jqlite cookbook/advancedform"/>
    <testcase name="should enable cancel button" time="0.37" classname="E2E Chrome 21.0.angular+jqlite cookbook/advancedform"/>
    <testcase name="should show debug" time="0.437" classname="E2E Chrome 21.0.angular+jqlite cookbook/form"/>
    <testcase name="should add contact" time="0.568" classname="E2E Chrome 21.0.angular+jqlite cookbook/form"/>
    <testcase name="should remove contact" time="0.471" classname="E2E Chrome 21.0.angular+jqlite cookbook/form"/>
    <testcase name="should validate zip" time="0.256" classname="E2E Chrome 21.0.angular+jqlite cookbook/form"/>
    <testcase name="should validate state" time="0.274" classname="E2E Chrome 21.0.angular+jqlite cookbook/form"/>
    <testcase name="should change the binding when user enters text" time="0.38" classname="E2E Chrome 21.0.angular+jqlite cookbook/helloworld"/>
    <testcase name="should play a game" time="0.684" classname="E2E Chrome 21.0.angular+jqlite cookbook/mvc"/>
    <testcase name="should test service" time="0.257" classname="E2E Chrome 21.0.angular+jqlite guide/dev_guide_services_injecting_controllers"/>
    <testcase name="should reverse greeting" time="0.446" classname="E2E Chrome 21.0.angular+jqlite guide/dev_guide_templates_filters_creating_filters"/>
    <testcase name="should calculate expression in binding" time="0.45" classname="E2E Chrome 21.0.angular+jqlite guide/expression"/>
    <testcase name="should allow user expression testing" time="0.318" classname="E2E Chrome 21.0.angular+jqlite guide/expression"/>
    <testcase name="should calculate expression in binding" time="0.278" classname="E2E Chrome 21.0.angular+jqlite guide/expression"/>
    <testcase name="should show off bindings" time="0.369" classname="E2E Chrome 21.0.angular+jqlite guide/directive"/>
    <testcase name="should bind and open / close" time="0.847" classname="E2E Chrome 21.0.angular+jqlite guide/directive"/>
    <testcase name="should show of angular binding" time="1.25" classname="E2E Chrome 21.0.angular+jqlite guide/overview"/>
    <testcase name="should auto compile" time="0.421" classname="E2E Chrome 21.0.angular+jqlite api/ng_$compile"/>
    <testcase name="should execute ng-click but not reload when href without value" time="0.449" classname="E2E Chrome 21.0.angular+jqlite api/ng_directive:ngHref"/>
    <testcase name="should execute ng-click but not reload when href empty string" time="0.36" classname="E2E Chrome 21.0.angular+jqlite api/ng_directive:ngHref"/>
    <testcase name="should execute ng-click and change url when ng-href specified" time="0.362" classname="E2E Chrome 21.0.angular+jqlite api/ng_directive:ngHref"/>
    <testcase name="should execute ng-click but not reload when href empty string and name specified" time="0.365" classname="E2E Chrome 21.0.angular+jqlite api/ng_directive:ngHref"/>
    <testcase name="should execute ng-click but not reload when no href but name specified" time="0.418" classname="E2E Chrome 21.0.angular+jqlite api/ng_directive:ngHref"/>
    <testcase name="should only change url when only ng-href" time="0.459" classname="E2E Chrome 21.0.angular+jqlite api/ng_directive:ngHref"/>
    <testcase name="should toggle button" time="0.388" classname="E2E Chrome 21.0.angular+jqlite api/ng_directive:ngDisabled"/>
    <testcase name="should check both checkBoxes" time="0.368" classname="E2E Chrome 21.0.angular+jqlite api/ng_directive:ngChecked"/>
    <testcase name="should toggle multiple" time="0.357" classname="E2E Chrome 21.0.angular+jqlite api/ng_directive:ngMultiple"/>
    <testcase name="should toggle readonly attr" time="0.366" classname="E2E Chrome 21.0.angular+jqlite api/ng_directive:ngReadonly"/>
    <testcase name="should select Greetings!" time="0.402" classname="E2E Chrome 21.0.angular+jqlite api/ng_directive:ngSelected"/>
    <testcase name="should initialize to model" time="0.769" classname="E2E Chrome 21.0.angular+jqlite api/ng_directive:form"/>
    <testcase name="should be invalid if empty" time="0.711" classname="E2E Chrome 21.0.angular+jqlite api/ng_directive:form"/>
    <testcase name="should check ng-bind" time="0.357" classname="E2E Chrome 21.0.angular+jqlite api/ng_directive:ngBind"/>
    <testcase name="should check ng-bind" time="0.404" classname="E2E Chrome 21.0.angular+jqlite api/ng_directive:ngBindTemplate"/>
    <testcase name="should initialize to model" time="0.762" classname="E2E Chrome 21.0.angular+jqlite api/ng_directive:input_text"/>
    <testcase name="should be invalid if empty" time="0.688" classname="E2E Chrome 21.0.angular+jqlite api/ng_directive:input_text"/>
    <testcase name="should be invalid if multi word" time="0.482" classname="E2E Chrome 21.0.angular+jqlite api/ng_directive:input_text"/>
    <testcase name="should not be trimmed" time="0.693" classname="E2E Chrome 21.0.angular+jqlite api/ng_directive:input_text"/>
    <testcase name="should initialize to model" time="0.637" classname="E2E Chrome 21.0.angular+jqlite api/ng_directive:input_number"/>
    <testcase name="should be invalid if empty" time="0.694" classname="E2E Chrome 21.0.angular+jqlite api/ng_directive:input_number"/>
    <testcase name="should be invalid if over max" time="0.722" classname="E2E Chrome 21.0.angular+jqlite api/ng_directive:input_number"/>
    <testcase name="should initialize to model" time="0.68" classname="E2E Chrome 21.0.angular+jqlite api/ng_directive:input_url"/>
    <testcase name="should be invalid if empty" time="0.744" classname="E2E Chrome 21.0.angular+jqlite api/ng_directive:input_url"/>
    <testcase name="should be invalid if not url" time="0.548" classname="E2E Chrome 21.0.angular+jqlite api/ng_directive:input_url"/>
    <testcase name="should initialize to model" time="0.771" classname="E2E Chrome 21.0.angular+jqlite api/ng_directive:input_email"/>
    <testcase name="should be invalid if empty" time="0.686" classname="E2E Chrome 21.0.angular+jqlite api/ng_directive:input_email"/>
    <testcase name="should be invalid if not email" time="0.475" classname="E2E Chrome 21.0.angular+jqlite api/ng_directive:input_email"/>
    <testcase name="should change state" time="0.636" classname="E2E Chrome 21.0.angular+jqlite api/ng_directive:input_radio"/>
    <testcase name="should change state" time="1.023" classname="E2E Chrome 21.0.angular+jqlite api/ng_directive:input_checkbox"/>
    <testcase name="should initialize to model" time="0.91" classname="E2E Chrome 21.0.angular+jqlite api/ng_directive:input"/>
    <testcase name="should be invalid if empty when required" time="0.984" classname="E2E Chrome 21.0.angular+jqlite api/ng_directive:input"/>
    <testcase name="should be valid if empty when min length is set" time="1.018" classname="E2E Chrome 21.0.angular+jqlite api/ng_directive:input"/>
    <testcase name="should be invalid if less than required min length" time="1.238" classname="E2E Chrome 21.0.angular+jqlite api/ng_directive:input"/>
    <testcase name="should be invalid if longer than max length" time="1.229" classname="E2E Chrome 21.0.angular+jqlite api/ng_directive:input"/>
    <testcase name="should data-bind and become invalid" time="0.471" classname="E2E Chrome 21.0.angular+jqlite api/ng_directive:ngModel_NgModelController"/>
    <testcase name="should evaluate the expression if changing from view" time="1.296" classname="E2E Chrome 21.0.angular+jqlite api/ng_directive:ngChange"/>
    <testcase name="should not evaluate the expression if changing from model" time="0.639" classname="E2E Chrome 21.0.angular+jqlite api/ng_directive:ngChange"/>
    <testcase name="should initialize to model" time="0.63" classname="E2E Chrome 21.0.angular+jqlite api/ng_directive:ngList"/>
    <testcase name="should be invalid if empty" time="0.677" classname="E2E Chrome 21.0.angular+jqlite api/ng_directive:ngList"/>
    <testcase name="should check ng-class" time="0.427" classname="E2E Chrome 21.0.angular+jqlite api/ng_directive:ngClass"/>
    <testcase name="should check ng-class-odd and ng-class-even" time="0.337" classname="E2E Chrome 21.0.angular+jqlite api/ng_directive:ngClassOdd"/>
    <testcase name="should check ng-class-odd and ng-class-even" time="0.299" classname="E2E Chrome 21.0.angular+jqlite api/ng_directive:ngClassEven"/>
    <testcase name="should remove the template directive and css class" time="0.299" classname="E2E Chrome 21.0.angular+jqlite api/ng_directive:ngCloak"/>
    <testcase name="should check controller" time="0.415" classname="E2E Chrome 21.0.angular+jqlite api/ng_directive:ngController"/>
    <testcase name="should check ng-click" time="0.665" classname="E2E Chrome 21.0.angular+jqlite api/ng_directive:ngClick"/>
    <testcase name="should check ng-submit" time="0.743" classname="E2E Chrome 21.0.angular+jqlite api/ng_directive:ngSubmit"/>
    <testcase name="should ignore empty strings" time="0.65" classname="E2E Chrome 21.0.angular+jqlite api/ng_directive:ngSubmit"/>
    <testcase name="should load template1.html" time="0.305" classname="E2E Chrome 21.0.angular+jqlite api/ng_directive:ngInclude"/>
    <testcase name="should load template2.html" time="0.316" classname="E2E Chrome 21.0.angular+jqlite api/ng_directive:ngInclude"/>
    <testcase name="should change to blank" time="0.325" classname="E2E Chrome 21.0.angular+jqlite api/ng_directive:ngInclude"/>
    <testcase name="should check greeting" time="0.691" classname="E2E Chrome 21.0.angular+jqlite api/ng_directive:ngInit"/>
    <testcase name="should check ng-non-bindable" time="0.293" classname="E2E Chrome 21.0.angular+jqlite api/ng_directive:ngNonBindable"/>
    <testcase name="should show correct pluralized string" time="0.584" classname="E2E Chrome 21.0.angular+jqlite api/ng_directive:ngPluralize"/>
    <testcase name="should show data-binded names" time="0.597" classname="E2E Chrome 21.0.angular+jqlite api/ng_directive:ngPluralize"/>
    <testcase name="should check ng-repeat" time="0.334" classname="E2E Chrome 21.0.angular+jqlite api/ng_directive:ngRepeat"/>
    <testcase name="should check ng-show / ng-hide" time="0.346" classname="E2E Chrome 21.0.angular+jqlite api/ng_directive:ngShow"/>
    <testcase name="should check ng-show / ng-hide" time="0.361" classname="E2E Chrome 21.0.angular+jqlite api/ng_directive:ngHide"/>
    <testcase name="should check ng-style" time="0.434" classname="E2E Chrome 21.0.angular+jqlite api/ng_directive:ngStyle"/>
    <testcase name="should start in settings" time="0.317" classname="E2E Chrome 21.0.angular+jqlite api/ng_directive:ngSwitch"/>
    <testcase name="should change to home" time="0.347" classname="E2E Chrome 21.0.angular+jqlite api/ng_directive:ngSwitch"/>
    <testcase name="should select deafault" time="0.376" classname="E2E Chrome 21.0.angular+jqlite api/ng_directive:ngSwitch"/>
    <testcase name="should have transcluded" time="0.617" classname="E2E Chrome 21.0.angular+jqlite api/ng_directive:ngTransclude"/>
    <testcase name="should load and compile correct template" time="0.383" classname="E2E Chrome 21.0.angular+jqlite api/ng_directive:ngView"/>
    <testcase name="should load template defined inside script tag" time="0.28" classname="E2E Chrome 21.0.angular+jqlite api/ng_directive:script"/>
    <testcase name="should check ng-options" time="1.046" classname="E2E Chrome 21.0.angular+jqlite api/ng_directive:select"/>
    <testcase name="should search across all fields when filtering with a string" time="0.391" classname="E2E Chrome 21.0.angular+jqlite api/ng_filter:filter"/>
    <testcase name="should search in specific fields when filtering with a predicate object" time="0.363" classname="E2E Chrome 21.0.angular+jqlite api/ng_filter:filter"/>
    <testcase name="should init with 1234.56" time="0.658" classname="E2E Chrome 21.0.angular+jqlite api/ng_filter:currency"/>
    <testcase name="should update" time="0.605" classname="E2E Chrome 21.0.angular+jqlite api/ng_filter:currency"/>
    <testcase name="should format numbers" time="0.755" classname="E2E Chrome 21.0.angular+jqlite api/ng_filter:number"/>
    <testcase name="should update" time="0.764" classname="E2E Chrome 21.0.angular+jqlite api/ng_filter:number"/>
    <testcase name="should format date" time="0.851" classname="E2E Chrome 21.0.angular+jqlite api/ng_filter:date"/>
    <testcase name="should jsonify filtered objects" time="0.411" classname="E2E Chrome 21.0.angular+jqlite api/ng_filter:json"/>
    <testcase name="should limit the numer array to first three items" time="0.468" classname="E2E Chrome 21.0.angular+jqlite api/ng_filter:limitTo"/>
    <testcase name="should update the output when -3 is entered" time="0.468" classname="E2E Chrome 21.0.angular+jqlite api/ng_filter:limitTo"/>
    <testcase name="should not exceed the maximum size of input array" time="0.499" classname="E2E Chrome 21.0.angular+jqlite api/ng_filter:limitTo"/>
    <testcase name="should be reverse ordered by aged" time="0.505" classname="E2E Chrome 21.0.angular+jqlite api/ng_filter:orderBy"/>
    <testcase name="should reorder the table when user selects different predicate" time="0.502" classname="E2E Chrome 21.0.angular+jqlite api/ng_filter:orderBy"/>
    <testcase name="should make an xhr GET request" time="1.041" classname="E2E Chrome 21.0.angular+jqlite api/ng_$http"/>
    <testcase name="should make a JSONP request to angularjs.org" time="1.158" classname="E2E Chrome 21.0.angular+jqlite api/ng_$http"/>
    <testcase name="should make JSONP request to invalid URL and invoke the error handler" time="1.156" classname="E2E Chrome 21.0.angular+jqlite api/ng_$http"/>
    <testcase name="should load and compile correct template" time="2.521" classname="E2E Chrome 21.0.angular+jqlite api/ng_$route"/>
    <testcase name="should linkify the snippet with urls" time="0.371" classname="E2E Chrome 21.0.angular+jqlite api/ngSanitize_filter:linky"/>
    <testcase name="should not linkify snippet without the linky filter" time="0.288" classname="E2E Chrome 21.0.angular+jqlite api/ngSanitize_filter:linky"/>
    <testcase name="should update" time="0.341" classname="E2E Chrome 21.0.angular+jqlite api/ngSanitize_filter:linky"/>
    <testcase name="should sanitize the html snippet " time="0.253" classname="E2E Chrome 21.0.angular+jqlite api/ngSanitize_$sanitize"/>
    <testcase name="should escape snippet without any filter" time="0.307" classname="E2E Chrome 21.0.angular+jqlite api/ngSanitize_$sanitize"/>
    <testcase name="should inline raw snippet if filtered as unsafe" time="0.307" classname="E2E Chrome 21.0.angular+jqlite api/ngSanitize_$sanitize"/>
    <testcase name="should update" time="0.413" classname="E2E Chrome 21.0.angular+jqlite api/ngSanitize_$sanitize"/>
    <testcase name="should navigate to URL" time="0.391" classname="E2E Chrome 21.0.angular+jquery cookbook/deeplinking"/>
    <testcase name="should enable save button" time="0.367" classname="E2E Chrome 21.0.angular+jquery cookbook/advancedform"/>
    <testcase name="should enable cancel button" time="0.356" classname="E2E Chrome 21.0.angular+jquery cookbook/advancedform"/>
    <testcase name="should show debug" time="0.389" classname="E2E Chrome 21.0.angular+jquery cookbook/form"/>
    <testcase name="should add contact" time="0.571" classname="E2E Chrome 21.0.angular+jquery cookbook/form"/>
    <testcase name="should remove contact" time="0.4" classname="E2E Chrome 21.0.angular+jquery cookbook/form"/>
    <testcase name="should validate zip" time="0.298" classname="E2E Chrome 21.0.angular+jquery cookbook/form"/>
    <testcase name="should validate state" time="0.297" classname="E2E Chrome 21.0.angular+jquery cookbook/form"/>
    <testcase name="should change the binding when user enters text" time="0.393" classname="E2E Chrome 21.0.angular+jquery cookbook/helloworld"/>
    <testcase name="should play a game" time="0.73" classname="E2E Chrome 21.0.angular+jquery cookbook/mvc"/>
    <testcase name="should test service" time="0.212" classname="E2E Chrome 21.0.angular+jquery guide/dev_guide_services_injecting_controllers"/>
    <testcase name="should reverse greeting" time="0.435" classname="E2E Chrome 21.0.angular+jquery guide/dev_guide_templates_filters_creating_filters"/>
    <testcase name="should calculate expression in binding" time="0.379" classname="E2E Chrome 21.0.angular+jquery guide/expression"/>
    <testcase name="should allow user expression testing" time="0.31" classname="E2E Chrome 21.0.angular+jquery guide/expression"/>
    <testcase name="should calculate expression in binding" time="0.267" classname="E2E Chrome 21.0.angular+jquery guide/expression"/>
    <testcase name="should show off bindings" time="0.356" classname="E2E Chrome 21.0.angular+jquery guide/directive"/>
    <testcase name="should bind and open / close" time="0.825" classname="E2E Chrome 21.0.angular+jquery guide/directive"/>
    <testcase name="should show of angular binding" time="1.113" classname="E2E Chrome 21.0.angular+jquery guide/overview"/>
    <testcase name="should auto compile" time="0.359" classname="E2E Chrome 21.0.angular+jquery api/ng_$compile"/>
    <testcase name="should execute ng-click but not reload when href without value" time="0.314" classname="E2E Chrome 21.0.angular+jquery api/ng_directive:ngHref"/>
    <testcase name="should execute ng-click but not reload when href empty string" time="0.315" classname="E2E Chrome 21.0.angular+jquery api/ng_directive:ngHref"/>
    <testcase name="should execute ng-click and change url when ng-href specified" time="0.334" classname="E2E Chrome 21.0.angular+jquery api/ng_directive:ngHref"/>
    <testcase name="should execute ng-click but not reload when href empty string and name specified" time="0.318" classname="E2E Chrome 21.0.angular+jquery api/ng_directive:ngHref"/>
    <testcase name="should execute ng-click but not reload when no href but name specified" time="0.329" classname="E2E Chrome 21.0.angular+jquery api/ng_directive:ngHref"/>
    <testcase name="should only change url when only ng-href" time="0.395" classname="E2E Chrome 21.0.angular+jquery api/ng_directive:ngHref"/>
    <testcase name="should toggle button" time="0.332" classname="E2E Chrome 21.0.angular+jquery api/ng_directive:ngDisabled"/>
    <testcase name="should check both checkBoxes" time="0.36" classname="E2E Chrome 21.0.angular+jquery api/ng_directive:ngChecked"/>
    <testcase name="should toggle multiple" time="0.351" classname="E2E Chrome 21.0.angular+jquery api/ng_directive:ngMultiple"/>
    <testcase name="should toggle readonly attr" time="0.412" classname="E2E Chrome 21.0.angular+jquery api/ng_directive:ngReadonly"/>
    <testcase name="should select Greetings!" time="0.373" classname="E2E Chrome 21.0.angular+jquery api/ng_directive:ngSelected"/>
    <testcase name="should initialize to model" time="0.724" classname="E2E Chrome 21.0.angular+jquery api/ng_directive:form"/>
    <testcase name="should be invalid if empty" time="0.641" classname="E2E Chrome 21.0.angular+jquery api/ng_directive:form"/>
    <testcase name="should check ng-bind" time="0.316" classname="E2E Chrome 21.0.angular+jquery api/ng_directive:ngBind"/>
    <testcase name="should check ng-bind" time="0.44" classname="E2E Chrome 21.0.angular+jquery api/ng_directive:ngBindTemplate"/>
    <testcase name="should initialize to model" time="0.671" classname="E2E Chrome 21.0.angular+jquery api/ng_directive:input_text"/>
    <testcase name="should be invalid if empty" time="0.714" classname="E2E Chrome 21.0.angular+jquery api/ng_directive:input_text"/>
    <testcase name="should be invalid if multi word" time="0.62" classname="E2E Chrome 21.0.angular+jquery api/ng_directive:input_text"/>
    <testcase name="should not be trimmed" time="0.806" classname="E2E Chrome 21.0.angular+jquery api/ng_directive:input_text"/>
    <testcase name="should initialize to model" time="0.674" classname="E2E Chrome 21.0.angular+jquery api/ng_directive:input_number"/>
    <testcase name="should be invalid if empty" time="0.719" classname="E2E Chrome 21.0.angular+jquery api/ng_directive:input_number"/>
    <testcase name="should be invalid if over max" time="0.683" classname="E2E Chrome 21.0.angular+jquery api/ng_directive:input_number"/>
    <testcase name="should initialize to model" time="0.647" classname="E2E Chrome 21.0.angular+jquery api/ng_directive:input_url"/>
    <testcase name="should be invalid if empty" time="0.739" classname="E2E Chrome 21.0.angular+jquery api/ng_directive:input_url"/>
    <testcase name="should be invalid if not url" time="0.649" classname="E2E Chrome 21.0.angular+jquery api/ng_directive:input_url"/>
    <testcase name="should initialize to model" time="0.64" classname="E2E Chrome 21.0.angular+jquery api/ng_directive:input_email"/>
    <testcase name="should be invalid if empty" time="0.688" classname="E2E Chrome 21.0.angular+jquery api/ng_directive:input_email"/>
    <testcase name="should be invalid if not email" time="0.466" classname="E2E Chrome 21.0.angular+jquery api/ng_directive:input_email"/>
    <testcase name="should change state" time="0.668" classname="E2E Chrome 21.0.angular+jquery api/ng_directive:input_radio"/>
    <testcase name="should change state" time="1.048" classname="E2E Chrome 21.0.angular+jquery api/ng_directive:input_checkbox"/>
    <testcase name="should initialize to model" time="1.021" classname="E2E Chrome 21.0.angular+jquery api/ng_directive:input"/>
    <testcase name="should be invalid if empty when required" time="1.051" classname="E2E Chrome 21.0.angular+jquery api/ng_directive:input"/>
    <testcase name="should be valid if empty when min length is set" time="1.033" classname="E2E Chrome 21.0.angular+jquery api/ng_directive:input"/>
    <testcase name="should be invalid if less than required min length" time="1.295" classname="E2E Chrome 21.0.angular+jquery api/ng_directive:input"/>
    <testcase name="should be invalid if longer than max length" time="1.215" classname="E2E Chrome 21.0.angular+jquery api/ng_directive:input"/>
    <testcase name="should data-bind and become invalid" time="0.402" classname="E2E Chrome 21.0.angular+jquery api/ng_directive:ngModel_NgModelController"/>
    <testcase name="should evaluate the expression if changing from view" time="0.788" classname="E2E Chrome 21.0.angular+jquery api/ng_directive:ngChange"/>
    <testcase name="should not evaluate the expression if changing from model" time="0.622" classname="E2E Chrome 21.0.angular+jquery api/ng_directive:ngChange"/>
    <testcase name="should initialize to model" time="0.677" classname="E2E Chrome 21.0.angular+jquery api/ng_directive:ngList"/>
    <testcase name="should be invalid if empty" time="0.673" classname="E2E Chrome 21.0.angular+jquery api/ng_directive:ngList"/>
    <testcase name="should check ng-class" time="0.461" classname="E2E Chrome 21.0.angular+jquery api/ng_directive:ngClass"/>
    <testcase name="should check ng-class-odd and ng-class-even" time="0.395" classname="E2E Chrome 21.0.angular+jquery api/ng_directive:ngClassOdd"/>
    <testcase name="should check ng-class-odd and ng-class-even" time="0.379" classname="E2E Chrome 21.0.angular+jquery api/ng_directive:ngClassEven"/>
    <testcase name="should remove the template directive and css class" time="0.356" classname="E2E Chrome 21.0.angular+jquery api/ng_directive:ngCloak"/>
    <testcase name="should check controller" time="0.529" classname="E2E Chrome 21.0.angular+jquery api/ng_directive:ngController"/>
    <testcase name="should check ng-click" time="0.735" classname="E2E Chrome 21.0.angular+jquery api/ng_directive:ngClick"/>
    <testcase name="should check ng-submit" time="0.678" classname="E2E Chrome 21.0.angular+jquery api/ng_directive:ngSubmit"/>
    <testcase name="should ignore empty strings" time="0.663" classname="E2E Chrome 21.0.angular+jquery api/ng_directive:ngSubmit"/>
    <testcase name="should load template1.html" time="0.304" classname="E2E Chrome 21.0.angular+jquery api/ng_directive:ngInclude"/>
    <testcase name="should load template2.html" time="0.334" classname="E2E Chrome 21.0.angular+jquery api/ng_directive:ngInclude"/>
    <testcase name="should change to blank" time="0.356" classname="E2E Chrome 21.0.angular+jquery api/ng_directive:ngInclude"/>
    <testcase name="should check greeting" time="0.603" classname="E2E Chrome 21.0.angular+jquery api/ng_directive:ngInit"/>
    <testcase name="should check ng-non-bindable" time="0.314" classname="E2E Chrome 21.0.angular+jquery api/ng_directive:ngNonBindable"/>
    <testcase name="should show correct pluralized string" time="0.679" classname="E2E Chrome 21.0.angular+jquery api/ng_directive:ngPluralize"/>
    <testcase name="should show data-binded names" time="0.517" classname="E2E Chrome 21.0.angular+jquery api/ng_directive:ngPluralize"/>
    <testcase name="should check ng-repeat" time="0.382" classname="E2E Chrome 21.0.angular+jquery api/ng_directive:ngRepeat"/>
    <testcase name="should check ng-show / ng-hide" time="0.416" classname="E2E Chrome 21.0.angular+jquery api/ng_directive:ngShow"/>
    <testcase name="should check ng-show / ng-hide" time="0.415" classname="E2E Chrome 21.0.angular+jquery api/ng_directive:ngHide"/>
    <testcase name="should check ng-style" time="0.396" classname="E2E Chrome 21.0.angular+jquery api/ng_directive:ngStyle"/>
    <testcase name="should start in settings" time="0.346" classname="E2E Chrome 21.0.angular+jquery api/ng_directive:ngSwitch"/>
    <testcase name="should change to home" time="0.381" classname="E2E Chrome 21.0.angular+jquery api/ng_directive:ngSwitch"/>
    <testcase name="should select deafault" time="0.368" classname="E2E Chrome 21.0.angular+jquery api/ng_directive:ngSwitch"/>
    <testcase name="should have transcluded" time="0.917" classname="E2E Chrome 21.0.angular+jquery api/ng_directive:ngTransclude"/>
    <testcase name="should load and compile correct template" time="0.468" classname="E2E Chrome 21.0.angular+jquery api/ng_directive:ngView"/>
    <testcase name="should load template defined inside script tag" time="0.314" classname="E2E Chrome 21.0.angular+jquery api/ng_directive:script"/>
    <testcase name="should check ng-options" time="1.08" classname="E2E Chrome 21.0.angular+jquery api/ng_directive:select"/>
    <testcase name="should search across all fields when filtering with a string" time="0.392" classname="E2E Chrome 21.0.angular+jquery api/ng_filter:filter"/>
    <testcase name="should search in specific fields when filtering with a predicate object" time="0.323" classname="E2E Chrome 21.0.angular+jquery api/ng_filter:filter"/>
    <testcase name="should init with 1234.56" time="0.574" classname="E2E Chrome 21.0.angular+jquery api/ng_filter:currency"/>
    <testcase name="should update" time="0.591" classname="E2E Chrome 21.0.angular+jquery api/ng_filter:currency"/>
    <testcase name="should format numbers" time="0.775" classname="E2E Chrome 21.0.angular+jquery api/ng_filter:number"/>
    <testcase name="should update" time="0.831" classname="E2E Chrome 21.0.angular+jquery api/ng_filter:number"/>
    <testcase name="should format date" time="0.857" classname="E2E Chrome 21.0.angular+jquery api/ng_filter:date"/>
    <testcase name="should jsonify filtered objects" time="0.432" classname="E2E Chrome 21.0.angular+jquery api/ng_filter:json"/>
    <testcase name="should limit the numer array to first three items" time="0.523" classname="E2E Chrome 21.0.angular+jquery api/ng_filter:limitTo"/>
    <testcase name="should update the output when -3 is entered" time="0.496" classname="E2E Chrome 21.0.angular+jquery api/ng_filter:limitTo"/>
    <testcase name="should not exceed the maximum size of input array" time="0.486" classname="E2E Chrome 21.0.angular+jquery api/ng_filter:limitTo"/>
    <testcase name="should be reverse ordered by aged" time="0.603" classname="E2E Chrome 21.0.angular+jquery api/ng_filter:orderBy"/>
    <testcase name="should reorder the table when user selects different predicate" time="0.509" classname="E2E Chrome 21.0.angular+jquery api/ng_filter:orderBy"/>
    <testcase name="should make an xhr GET request" time="1.04" classname="E2E Chrome 21.0.angular+jquery api/ng_$http"/>
    <testcase name="should make a JSONP request to angularjs.org" time="1.209" classname="E2E Chrome 21.0.angular+jquery api/ng_$http"/>
    <testcase name="should make JSONP request to invalid URL and invoke the error handler" time="1.105" classname="E2E Chrome 21.0.angular+jquery api/ng_$http"/>
    <testcase name="should load and compile correct template" time="2.522" classname="E2E Chrome 21.0.angular+jquery api/ng_$route"/>
    <testcase name="should linkify the snippet with urls" time="0.322" classname="E2E Chrome 21.0.angular+jquery api/ngSanitize_filter:linky"/>
    <testcase name="should not linkify snippet without the linky filter" time="0.299" classname="E2E Chrome 21.0.angular+jquery api/ngSanitize_filter:linky"/>
    <testcase name="should update" time="0.374" classname="E2E Chrome 21.0.angular+jquery api/ngSanitize_filter:linky"/>
    <testcase name="should sanitize the html snippet " time="0.319" classname="E2E Chrome 21.0.angular+jquery api/ngSanitize_$sanitize"/>
    <testcase name="should escape snippet without any filter" time="0.301" classname="E2E Chrome 21.0.angular+jquery api/ngSanitize_$sanitize"/>
    <testcase name="should inline raw snippet if filtered as unsafe" time="0.298" classname="E2E Chrome 21.0.angular+jquery api/ngSanitize_$sanitize"/>
    <testcase name="should update" time="0.403" classname="E2E Chrome 21.0.angular+jquery api/ngSanitize_$sanitize"/>
    <system-out/>
    <system-err/>
  </testsuite>
</testsuites>
